TRACE::2023-11-07.18:03:19::SCWPlatform::Trying to open the hw design at C:/Users/18472/385_xilinx_files/SoC_MicroBlaze/workspacefinal/mb_intro_top/hw/mb_intro_top.xsa
TRACE::2023-11-07.18:03:19::SCWPlatform::DSA given C:/Users/18472/385_xilinx_files/SoC_MicroBlaze/workspacefinal/mb_intro_top/hw/mb_intro_top.xsa
TRACE::2023-11-07.18:03:19::SCWPlatform::DSA absoulate path C:/Users/18472/385_xilinx_files/SoC_MicroBlaze/workspacefinal/mb_intro_top/hw/mb_intro_top.xsa
TRACE::2023-11-07.18:03:19::SCWPlatform::DSA directory C:/Users/18472/385_xilinx_files/SoC_MicroBlaze/workspacefinal/mb_intro_top/hw
TRACE::2023-11-07.18:03:19::SCWPlatform:: Platform Path C:/Users/18472/385_xilinx_files/SoC_MicroBlaze/workspacefinal/mb_intro_top/hw/mb_intro_top.xsa
TRACE::2023-11-07.18:03:19::SCWPlatform:: Unique name xilinx:::0.0
TRACE::2023-11-07.18:03:19::SCWPlatform::Do not have an existing db opened. 
TRACE::2023-11-07.18:03:19::SCWPlatform::Opened new HwDB with name mb_intro_top_0
TRACE::2023-11-07.18:03:19::SCWWriter::formatted JSON is {
	"platformName":	"mb_intro_top",
	"sprVersion":	"2.0",
	"mode":	"gui",
	"dsaType":	"Fixed",
	"platformDesc":	"mb_intro_top",
	"platHandOff":	"C:/Users/18472/385_xilinx_files/SoC_MicroBlaze/mb_intro_top.xsa",
	"platIntHandOff":	"<platformDir>/hw/mb_intro_top.xsa",
	"deviceType":	"FPGA",
	"platIsPrebuiltAutogen":	"false",
	"platIsNoBootBsp":	"false",
	"hasFsblMakeHasChanges":	"false",
	"hasPmufwMakeHasChanges":	"false",
	"platPreBuiltFlag":	false,
	"platformSamplesDir":	""
}
TRACE::2023-11-07.18:03:19::SCWWriter::formatted JSON is {
	"platformName":	"mb_intro_top",
	"sprVersion":	"2.0",
	"mode":	"gui",
	"dsaType":	"Fixed",
	"platformDesc":	"mb_intro_top",
	"platHandOff":	"C:/Users/18472/385_xilinx_files/SoC_MicroBlaze/mb_intro_top.xsa",
	"platIntHandOff":	"<platformDir>/hw/mb_intro_top.xsa",
	"deviceType":	"FPGA",
	"platIsPrebuiltAutogen":	"false",
	"platIsNoBootBsp":	"false",
	"hasFsblMakeHasChanges":	"false",
	"hasPmufwMakeHasChanges":	"false",
	"platPreBuiltFlag":	false,
	"platformSamplesDir":	"",
	"platActiveSys":	"mb_intro_top",
	"systems":	[{
			"systemName":	"mb_intro_top",
			"systemDesc":	"mb_intro_top",
			"sysIsBootAutoGen":	"true",
			"systemDispName":	"mb_intro_top"
		}]
}
TRACE::2023-11-07.18:03:19::SCWPlatform::Boot application domains not present, creating them
TRACE::2023-11-07.18:03:19::SCWPlatform::Pure FPGA device, no boot application will be created.
TRACE::2023-11-07.18:03:19::SCWWriter::formatted JSON is {
	"platformName":	"mb_intro_top",
	"sprVersion":	"2.0",
	"mode":	"gui",
	"dsaType":	"Fixed",
	"platformDesc":	"mb_intro_top",
	"platHandOff":	"C:/Users/18472/385_xilinx_files/SoC_MicroBlaze/mb_intro_top.xsa",
	"platIntHandOff":	"<platformDir>/hw/mb_intro_top.xsa",
	"deviceType":	"FPGA",
	"platIsPrebuiltAutogen":	"false",
	"platIsNoBootBsp":	"false",
	"hasFsblMakeHasChanges":	"false",
	"hasPmufwMakeHasChanges":	"false",
	"platPreBuiltFlag":	false,
	"platformSamplesDir":	"",
	"platActiveSys":	"mb_intro_top",
	"systems":	[{
			"systemName":	"mb_intro_top",
			"systemDesc":	"mb_intro_top",
			"sysIsBootAutoGen":	"true",
			"systemDispName":	"mb_intro_top"
		}]
}
TRACE::2023-11-07.18:03:19::SCWWriter::formatted JSON is {
	"platformName":	"mb_intro_top",
	"sprVersion":	"2.0",
	"mode":	"gui",
	"dsaType":	"Fixed",
	"platformDesc":	"mb_intro_top",
	"platHandOff":	"C:/Users/18472/385_xilinx_files/SoC_MicroBlaze/mb_intro_top.xsa",
	"platIntHandOff":	"<platformDir>/hw/mb_intro_top.xsa",
	"deviceType":	"FPGA",
	"platIsPrebuiltAutogen":	"false",
	"platIsNoBootBsp":	"false",
	"hasFsblMakeHasChanges":	"false",
	"hasPmufwMakeHasChanges":	"false",
	"platPreBuiltFlag":	false,
	"platformSamplesDir":	"",
	"platActiveSys":	"mb_intro_top",
	"systems":	[{
			"systemName":	"mb_intro_top",
			"systemDesc":	"mb_intro_top",
			"sysIsBootAutoGen":	"true",
			"systemDispName":	"mb_intro_top"
		}]
}
TRACE::2023-11-07.18:03:19::SCWPlatform::Trying to open the hw design at C:/Users/18472/385_xilinx_files/SoC_MicroBlaze/workspacefinal/mb_intro_top/hw/mb_intro_top.xsa
TRACE::2023-11-07.18:03:19::SCWPlatform::DSA given C:/Users/18472/385_xilinx_files/SoC_MicroBlaze/workspacefinal/mb_intro_top/hw/mb_intro_top.xsa
TRACE::2023-11-07.18:03:19::SCWPlatform::DSA absoulate path C:/Users/18472/385_xilinx_files/SoC_MicroBlaze/workspacefinal/mb_intro_top/hw/mb_intro_top.xsa
TRACE::2023-11-07.18:03:19::SCWPlatform::DSA directory C:/Users/18472/385_xilinx_files/SoC_MicroBlaze/workspacefinal/mb_intro_top/hw
TRACE::2023-11-07.18:03:19::SCWPlatform:: Platform Path C:/Users/18472/385_xilinx_files/SoC_MicroBlaze/workspacefinal/mb_intro_top/hw/mb_intro_top.xsa
TRACE::2023-11-07.18:03:19::SCWPlatform:: Unique name xilinx:::0.0
TRACE::2023-11-07.18:03:19::SCWPlatform::Trying to set the existing hwdb with name mb_intro_top_0
TRACE::2023-11-07.18:03:19::SCWPlatform::Opened existing hwdb mb_intro_top_0
TRACE::2023-11-07.18:03:19::SCWPlatform::Found the Hw Db part of the input DSA
TRACE::2023-11-07.18:03:20::SCWPlatform::Trying to open the hw design at C:/Users/18472/385_xilinx_files/SoC_MicroBlaze/workspacefinal/mb_intro_top/hw/mb_intro_top.xsa
TRACE::2023-11-07.18:03:20::SCWPlatform::DSA given C:/Users/18472/385_xilinx_files/SoC_MicroBlaze/workspacefinal/mb_intro_top/hw/mb_intro_top.xsa
TRACE::2023-11-07.18:03:20::SCWPlatform::DSA absoulate path C:/Users/18472/385_xilinx_files/SoC_MicroBlaze/workspacefinal/mb_intro_top/hw/mb_intro_top.xsa
TRACE::2023-11-07.18:03:20::SCWPlatform::DSA directory C:/Users/18472/385_xilinx_files/SoC_MicroBlaze/workspacefinal/mb_intro_top/hw
TRACE::2023-11-07.18:03:20::SCWPlatform:: Platform Path C:/Users/18472/385_xilinx_files/SoC_MicroBlaze/workspacefinal/mb_intro_top/hw/mb_intro_top.xsa
TRACE::2023-11-07.18:03:20::SCWPlatform:: Unique name xilinx:::0.0
TRACE::2023-11-07.18:03:20::SCWPlatform::Trying to set the existing hwdb with name mb_intro_top_0
TRACE::2023-11-07.18:03:20::SCWPlatform::Opened existing hwdb mb_intro_top_0
TRACE::2023-11-07.18:03:20::SCWPlatform::Found the Hw Db part of the input DSA
TRACE::2023-11-07.18:03:20::SCWDomain::checking for install qemu data   : 
TRACE::2023-11-07.18:03:20::SCWPlatform::Trying to open the hw design at C:/Users/18472/385_xilinx_files/SoC_MicroBlaze/workspacefinal/mb_intro_top/hw/mb_intro_top.xsa
TRACE::2023-11-07.18:03:20::SCWPlatform::DSA given C:/Users/18472/385_xilinx_files/SoC_MicroBlaze/workspacefinal/mb_intro_top/hw/mb_intro_top.xsa
TRACE::2023-11-07.18:03:20::SCWPlatform::DSA absoulate path C:/Users/18472/385_xilinx_files/SoC_MicroBlaze/workspacefinal/mb_intro_top/hw/mb_intro_top.xsa
TRACE::2023-11-07.18:03:20::SCWPlatform::DSA directory C:/Users/18472/385_xilinx_files/SoC_MicroBlaze/workspacefinal/mb_intro_top/hw
TRACE::2023-11-07.18:03:20::SCWPlatform:: Platform Path C:/Users/18472/385_xilinx_files/SoC_MicroBlaze/workspacefinal/mb_intro_top/hw/mb_intro_top.xsa
TRACE::2023-11-07.18:03:20::SCWPlatform:: Unique name xilinx:::0.0
TRACE::2023-11-07.18:03:20::SCWPlatform::Trying to set the existing hwdb with name mb_intro_top_0
TRACE::2023-11-07.18:03:20::SCWPlatform::Opened existing hwdb mb_intro_top_0
TRACE::2023-11-07.18:03:20::SCWPlatform::Found the Hw Db part of the input DSA
TRACE::2023-11-07.18:03:20::SCWPlatform::Trying to open the hw design at C:/Users/18472/385_xilinx_files/SoC_MicroBlaze/workspacefinal/mb_intro_top/hw/mb_intro_top.xsa
TRACE::2023-11-07.18:03:20::SCWPlatform::DSA given C:/Users/18472/385_xilinx_files/SoC_MicroBlaze/workspacefinal/mb_intro_top/hw/mb_intro_top.xsa
TRACE::2023-11-07.18:03:20::SCWPlatform::DSA absoulate path C:/Users/18472/385_xilinx_files/SoC_MicroBlaze/workspacefinal/mb_intro_top/hw/mb_intro_top.xsa
TRACE::2023-11-07.18:03:20::SCWPlatform::DSA directory C:/Users/18472/385_xilinx_files/SoC_MicroBlaze/workspacefinal/mb_intro_top/hw
TRACE::2023-11-07.18:03:20::SCWPlatform:: Platform Path C:/Users/18472/385_xilinx_files/SoC_MicroBlaze/workspacefinal/mb_intro_top/hw/mb_intro_top.xsa
TRACE::2023-11-07.18:03:20::SCWPlatform:: Unique name xilinx:::0.0
TRACE::2023-11-07.18:03:20::SCWPlatform::Trying to set the existing hwdb with name mb_intro_top_0
TRACE::2023-11-07.18:03:20::SCWPlatform::Opened existing hwdb mb_intro_top_0
TRACE::2023-11-07.18:03:20::SCWPlatform::Found the Hw Db part of the input DSA
TRACE::2023-11-07.18:03:20::SCWPlatform::Trying to open the hw design at C:/Users/18472/385_xilinx_files/SoC_MicroBlaze/workspacefinal/mb_intro_top/hw/mb_intro_top.xsa
TRACE::2023-11-07.18:03:20::SCWPlatform::DSA given C:/Users/18472/385_xilinx_files/SoC_MicroBlaze/workspacefinal/mb_intro_top/hw/mb_intro_top.xsa
TRACE::2023-11-07.18:03:20::SCWPlatform::DSA absoulate path C:/Users/18472/385_xilinx_files/SoC_MicroBlaze/workspacefinal/mb_intro_top/hw/mb_intro_top.xsa
TRACE::2023-11-07.18:03:20::SCWPlatform::DSA directory C:/Users/18472/385_xilinx_files/SoC_MicroBlaze/workspacefinal/mb_intro_top/hw
TRACE::2023-11-07.18:03:20::SCWPlatform:: Platform Path C:/Users/18472/385_xilinx_files/SoC_MicroBlaze/workspacefinal/mb_intro_top/hw/mb_intro_top.xsa
TRACE::2023-11-07.18:03:20::SCWPlatform:: Unique name xilinx:::0.0
TRACE::2023-11-07.18:03:20::SCWPlatform::Trying to set the existing hwdb with name mb_intro_top_0
TRACE::2023-11-07.18:03:20::SCWPlatform::Opened existing hwdb mb_intro_top_0
TRACE::2023-11-07.18:03:20::SCWPlatform::Found the Hw Db part of the input DSA
TRACE::2023-11-07.18:03:20::SCWMssOS::Checking the sw design at  C:/Users/18472/385_xilinx_files/SoC_MicroBlaze/workspacefinal/mb_intro_top/microblaze_0/standalone_microblaze_0/bsp/system.mss
TRACE::2023-11-07.18:03:20::SCWMssOS::DEBUG:  swdes dump  
TRACE::2023-11-07.18:03:20::SCWMssOS::No sw design opened at  C:/Users/18472/385_xilinx_files/SoC_MicroBlaze/workspacefinal/mb_intro_top/microblaze_0/standalone_microblaze_0/bsp/system.mss
TRACE::2023-11-07.18:03:20::SCWMssOS::mss does not exists at C:/Users/18472/385_xilinx_files/SoC_MicroBlaze/workspacefinal/mb_intro_top/microblaze_0/standalone_microblaze_0/bsp/system.mss
TRACE::2023-11-07.18:03:20::SCWMssOS::Creating sw design at  C:/Users/18472/385_xilinx_files/SoC_MicroBlaze/workspacefinal/mb_intro_top/microblaze_0/standalone_microblaze_0/bsp/system.mss
TRACE::2023-11-07.18:03:20::SCWMssOS::Adding the swdes entry, created swdb C:/Users/18472/385_xilinx_files/SoC_MicroBlaze/workspacefinal/mb_intro_top/microblaze_0/standalone_microblaze_0/bsp/system.mss with des name C:/Users/18472/385_xilinx_files/SoC_MicroBlaze/workspacefinal/mb_intro_top/microblaze_0/standalone_microblaze_0/bsp/system.mss
TRACE::2023-11-07.18:03:20::SCWMssOS::updating the scw layer changes to swdes at   C:/Users/18472/385_xilinx_files/SoC_MicroBlaze/workspacefinal/mb_intro_top/microblaze_0/standalone_microblaze_0/bsp/system.mss
TRACE::2023-11-07.18:03:20::SCWMssOS::Writing mss at C:/Users/18472/385_xilinx_files/SoC_MicroBlaze/workspacefinal/mb_intro_top/microblaze_0/standalone_microblaze_0/bsp/system.mss
TRACE::2023-11-07.18:03:20::SCWMssOS::Completed writing the mss file at C:/Users/18472/385_xilinx_files/SoC_MicroBlaze/workspacefinal/mb_intro_top/microblaze_0/standalone_microblaze_0/bsp
TRACE::2023-11-07.18:03:20::SCWMssOS::Picking up changes from newly written mss file into SCW Layer. 
TRACE::2023-11-07.18:03:20::SCWMssOS::Updated the changes from newly written mss file into SCW Layer. 
TRACE::2023-11-07.18:03:20::SCWMssOS::Completed writing the mss file at C:/Users/18472/385_xilinx_files/SoC_MicroBlaze/workspacefinal/mb_intro_top/microblaze_0/standalone_microblaze_0/bsp
TRACE::2023-11-07.18:03:20::SCWMssOS::Forcing BSP Sources regeneration.
TRACE::2023-11-07.18:03:23::SCWMssOS::Saving the mss changes C:/Users/18472/385_xilinx_files/SoC_MicroBlaze/workspacefinal/mb_intro_top/microblaze_0/standalone_microblaze_0/bsp/system.mss
TRACE::2023-11-07.18:03:23::SCWMssOS::Adding the swdes entry, mss present, able to open swdb C:/Users/18472/385_xilinx_files/SoC_MicroBlaze/workspacefinal/mb_intro_top/microblaze_0/standalone_microblaze_0/bsp/system.mss with des name system
TRACE::2023-11-07.18:03:23::SCWMssOS::Writing the mss file completed C:/Users/18472/385_xilinx_files/SoC_MicroBlaze/workspacefinal/mb_intro_top/microblaze_0/standalone_microblaze_0/bsp/system.mss
TRACE::2023-11-07.18:03:23::SCWMssOS::Commit changes completed.
TRACE::2023-11-07.18:03:23::SCWPlatform::Trying to open the hw design at C:/Users/18472/385_xilinx_files/SoC_MicroBlaze/workspacefinal/mb_intro_top/hw/mb_intro_top.xsa
TRACE::2023-11-07.18:03:23::SCWPlatform::DSA given C:/Users/18472/385_xilinx_files/SoC_MicroBlaze/workspacefinal/mb_intro_top/hw/mb_intro_top.xsa
TRACE::2023-11-07.18:03:23::SCWPlatform::DSA absoulate path C:/Users/18472/385_xilinx_files/SoC_MicroBlaze/workspacefinal/mb_intro_top/hw/mb_intro_top.xsa
TRACE::2023-11-07.18:03:23::SCWPlatform::DSA directory C:/Users/18472/385_xilinx_files/SoC_MicroBlaze/workspacefinal/mb_intro_top/hw
TRACE::2023-11-07.18:03:23::SCWPlatform:: Platform Path C:/Users/18472/385_xilinx_files/SoC_MicroBlaze/workspacefinal/mb_intro_top/hw/mb_intro_top.xsa
TRACE::2023-11-07.18:03:23::SCWPlatform:: Unique name xilinx:::0.0
TRACE::2023-11-07.18:03:23::SCWPlatform::Trying to set the existing hwdb with name mb_intro_top_0
TRACE::2023-11-07.18:03:23::SCWPlatform::Opened existing hwdb mb_intro_top_0
TRACE::2023-11-07.18:03:23::SCWPlatform::Found the Hw Db part of the input DSA
TRACE::2023-11-07.18:03:23::SCWMssOS::Checking the sw design at  C:/Users/18472/385_xilinx_files/SoC_MicroBlaze/workspacefinal/mb_intro_top/microblaze_0/standalone_microblaze_0/bsp/system.mss
TRACE::2023-11-07.18:03:23::SCWMssOS::DEBUG:  swdes dump  C:/Users/18472/385_xilinx_files/SoC_MicroBlaze/workspacefinal/mb_intro_top/microblaze_0/standalone_microblaze_0/bsp/system.mss|system||

TRACE::2023-11-07.18:03:23::SCWMssOS::Sw design exists and opened at  C:/Users/18472/385_xilinx_files/SoC_MicroBlaze/workspacefinal/mb_intro_top/microblaze_0/standalone_microblaze_0/bsp/system.mss
TRACE::2023-11-07.18:03:23::SCWPlatform::Trying to open the hw design at C:/Users/18472/385_xilinx_files/SoC_MicroBlaze/workspacefinal/mb_intro_top/hw/mb_intro_top.xsa
TRACE::2023-11-07.18:03:23::SCWPlatform::DSA given C:/Users/18472/385_xilinx_files/SoC_MicroBlaze/workspacefinal/mb_intro_top/hw/mb_intro_top.xsa
TRACE::2023-11-07.18:03:23::SCWPlatform::DSA absoulate path C:/Users/18472/385_xilinx_files/SoC_MicroBlaze/workspacefinal/mb_intro_top/hw/mb_intro_top.xsa
TRACE::2023-11-07.18:03:23::SCWPlatform::DSA directory C:/Users/18472/385_xilinx_files/SoC_MicroBlaze/workspacefinal/mb_intro_top/hw
TRACE::2023-11-07.18:03:23::SCWPlatform:: Platform Path C:/Users/18472/385_xilinx_files/SoC_MicroBlaze/workspacefinal/mb_intro_top/hw/mb_intro_top.xsa
TRACE::2023-11-07.18:03:23::SCWPlatform:: Unique name xilinx:::0.0
TRACE::2023-11-07.18:03:23::SCWPlatform::Trying to set the existing hwdb with name mb_intro_top_0
TRACE::2023-11-07.18:03:23::SCWPlatform::Opened existing hwdb mb_intro_top_0
TRACE::2023-11-07.18:03:23::SCWPlatform::Found the Hw Db part of the input DSA
TRACE::2023-11-07.18:03:23::SCWMssOS::Checking the sw design at  C:/Users/18472/385_xilinx_files/SoC_MicroBlaze/workspacefinal/mb_intro_top/microblaze_0/standalone_microblaze_0/bsp/system.mss
TRACE::2023-11-07.18:03:23::SCWMssOS::DEBUG:  swdes dump  C:/Users/18472/385_xilinx_files/SoC_MicroBlaze/workspacefinal/mb_intro_top/microblaze_0/standalone_microblaze_0/bsp/system.mss|system||

TRACE::2023-11-07.18:03:23::SCWMssOS::Sw design exists and opened at  C:/Users/18472/385_xilinx_files/SoC_MicroBlaze/workspacefinal/mb_intro_top/microblaze_0/standalone_microblaze_0/bsp/system.mss
TRACE::2023-11-07.18:03:23::SCWPlatform::Trying to open the hw design at C:/Users/18472/385_xilinx_files/SoC_MicroBlaze/workspacefinal/mb_intro_top/hw/mb_intro_top.xsa
TRACE::2023-11-07.18:03:23::SCWPlatform::DSA given C:/Users/18472/385_xilinx_files/SoC_MicroBlaze/workspacefinal/mb_intro_top/hw/mb_intro_top.xsa
TRACE::2023-11-07.18:03:23::SCWPlatform::DSA absoulate path C:/Users/18472/385_xilinx_files/SoC_MicroBlaze/workspacefinal/mb_intro_top/hw/mb_intro_top.xsa
TRACE::2023-11-07.18:03:23::SCWPlatform::DSA directory C:/Users/18472/385_xilinx_files/SoC_MicroBlaze/workspacefinal/mb_intro_top/hw
TRACE::2023-11-07.18:03:23::SCWPlatform:: Platform Path C:/Users/18472/385_xilinx_files/SoC_MicroBlaze/workspacefinal/mb_intro_top/hw/mb_intro_top.xsa
TRACE::2023-11-07.18:03:23::SCWPlatform:: Unique name xilinx:::0.0
TRACE::2023-11-07.18:03:23::SCWPlatform::Trying to set the existing hwdb with name mb_intro_top_0
TRACE::2023-11-07.18:03:23::SCWPlatform::Opened existing hwdb mb_intro_top_0
TRACE::2023-11-07.18:03:23::SCWPlatform::Found the Hw Db part of the input DSA
TRACE::2023-11-07.18:03:23::SCWMssOS::Checking the sw design at  C:/Users/18472/385_xilinx_files/SoC_MicroBlaze/workspacefinal/mb_intro_top/microblaze_0/standalone_microblaze_0/bsp/system.mss
TRACE::2023-11-07.18:03:23::SCWMssOS::DEBUG:  swdes dump  C:/Users/18472/385_xilinx_files/SoC_MicroBlaze/workspacefinal/mb_intro_top/microblaze_0/standalone_microblaze_0/bsp/system.mss|system||

TRACE::2023-11-07.18:03:23::SCWMssOS::Sw design exists and opened at  C:/Users/18472/385_xilinx_files/SoC_MicroBlaze/workspacefinal/mb_intro_top/microblaze_0/standalone_microblaze_0/bsp/system.mss
TRACE::2023-11-07.18:03:23::SCWWriter::formatted JSON is {
	"platformName":	"mb_intro_top",
	"sprVersion":	"2.0",
	"mode":	"gui",
	"dsaType":	"Fixed",
	"platformDesc":	"mb_intro_top",
	"platHandOff":	"C:/Users/18472/385_xilinx_files/SoC_MicroBlaze/mb_intro_top.xsa",
	"platIntHandOff":	"<platformDir>/hw/mb_intro_top.xsa",
	"deviceType":	"FPGA",
	"platIsPrebuiltAutogen":	"false",
	"platIsNoBootBsp":	"false",
	"hasFsblMakeHasChanges":	"false",
	"hasPmufwMakeHasChanges":	"false",
	"platPreBuiltFlag":	false,
	"platformSamplesDir":	"",
	"platActiveSys":	"mb_intro_top",
	"systems":	[{
			"systemName":	"mb_intro_top",
			"systemDesc":	"mb_intro_top",
			"sysIsBootAutoGen":	"true",
			"systemDispName":	"mb_intro_top",
			"sysActiveDom":	"standalone_microblaze_0",
			"sysDefaultDom":	"standalone_microblaze_0",
			"domains":	[{
					"domainName":	"standalone_microblaze_0",
					"domainDispName":	"standalone_microblaze_0",
					"domainDesc":	"standalone_microblaze_0",
					"processors":	"microblaze_0",
					"os":	"standalone",
					"sdxOs":	"standalone",
					"debugEnable":	"False",
					"domRuntimes":	["cpp"],
					"swRepo":	"",
					"mssOsVer":	"8.0",
					"mssFile":	"",
					"md5Digest":	"c1850e17529c9e31e281c5dbe0d47e56",
					"compatibleApp":	"empty_application",
					"domType":	"mssDomain",
					"arch":	"32-bit",
					"appSettings":	{
						"appCompilerFlags":	"",
						"appLinkerFlags":	""
					},
					"addedLibs":	[],
					"libOptions":	{
						"libsContainingOptions":	[]
					},
					"prebuiltLibs":	{
						"prebuiltIncPath":	[],
						"prebuiltLibPath":	[]
					},
					"isolation":	{
					}
				}]
		}]
}
LOG::2023-11-07.18:03:23::SCWPlatform::Started generating the artifacts platform mb_intro_top
TRACE::2023-11-07.18:03:23::SCWPlatform::Sanity checking of platform is completed
LOG::2023-11-07.18:03:23::SCWPlatform::Started generating the artifacts for system configuration mb_intro_top
LOG::2023-11-07.18:03:23::SCWSystem::Checking the domain standalone_microblaze_0
LOG::2023-11-07.18:03:23::SCWSystem::Not a boot domain 
LOG::2023-11-07.18:03:23::SCWSystem::Started Processing the domain standalone_microblaze_0
TRACE::2023-11-07.18:03:23::SCWDomain::Generating domain artifcats
TRACE::2023-11-07.18:03:23::SCWMssOS::Generating standalone artifcats
TRACE::2023-11-07.18:03:23::SCWMssOS:: Copying the user libraries. 
TRACE::2023-11-07.18:03:23::SCWPlatform::Trying to open the hw design at C:/Users/18472/385_xilinx_files/SoC_MicroBlaze/workspacefinal/mb_intro_top/hw/mb_intro_top.xsa
TRACE::2023-11-07.18:03:23::SCWPlatform::DSA given C:/Users/18472/385_xilinx_files/SoC_MicroBlaze/workspacefinal/mb_intro_top/hw/mb_intro_top.xsa
TRACE::2023-11-07.18:03:23::SCWPlatform::DSA absoulate path C:/Users/18472/385_xilinx_files/SoC_MicroBlaze/workspacefinal/mb_intro_top/hw/mb_intro_top.xsa
TRACE::2023-11-07.18:03:23::SCWPlatform::DSA directory C:/Users/18472/385_xilinx_files/SoC_MicroBlaze/workspacefinal/mb_intro_top/hw
TRACE::2023-11-07.18:03:23::SCWPlatform:: Platform Path C:/Users/18472/385_xilinx_files/SoC_MicroBlaze/workspacefinal/mb_intro_top/hw/mb_intro_top.xsa
TRACE::2023-11-07.18:03:23::SCWPlatform:: Unique name xilinx:::0.0
TRACE::2023-11-07.18:03:23::SCWPlatform::Trying to set the existing hwdb with name mb_intro_top_0
TRACE::2023-11-07.18:03:23::SCWPlatform::Opened existing hwdb mb_intro_top_0
TRACE::2023-11-07.18:03:23::SCWPlatform::Found the Hw Db part of the input DSA
TRACE::2023-11-07.18:03:23::SCWMssOS::Checking the sw design at  C:/Users/18472/385_xilinx_files/SoC_MicroBlaze/workspacefinal/mb_intro_top/microblaze_0/standalone_microblaze_0/bsp/system.mss
TRACE::2023-11-07.18:03:23::SCWMssOS::DEBUG:  swdes dump  C:/Users/18472/385_xilinx_files/SoC_MicroBlaze/workspacefinal/mb_intro_top/microblaze_0/standalone_microblaze_0/bsp/system.mss|system||

TRACE::2023-11-07.18:03:23::SCWMssOS::Sw design exists and opened at  C:/Users/18472/385_xilinx_files/SoC_MicroBlaze/workspacefinal/mb_intro_top/microblaze_0/standalone_microblaze_0/bsp/system.mss
TRACE::2023-11-07.18:03:23::SCWMssOS::Completed writing the mss file at C:/Users/18472/385_xilinx_files/SoC_MicroBlaze/workspacefinal/mb_intro_top/microblaze_0/standalone_microblaze_0/bsp
TRACE::2023-11-07.18:03:23::SCWMssOS::Mss edits present, copying mssfile into export location C:/Users/18472/385_xilinx_files/SoC_MicroBlaze/workspacefinal/mb_intro_top/microblaze_0/standalone_microblaze_0/bsp/system.mss
TRACE::2023-11-07.18:03:23::SCWMssOS::bsp generated is upto date with the mss file. Skipping bsp generation.
TRACE::2023-11-07.18:03:23::SCWMssOS::BSP is already built. skipping the bsp build ... 
TRACE::2023-11-07.18:03:23::SCWDomain::Skipping the build for domain :  standalone_microblaze_0
TRACE::2023-11-07.18:03:23::SCWMssOS::skipping the bsp build ... 
TRACE::2023-11-07.18:03:23::SCWMssOS::Copying to export directory.
TRACE::2023-11-07.18:03:23::SCWMssOS:: Checking if to create the Supporting Applications
TRACE::2023-11-07.18:03:23::SCWMssOS:: No Linux domain exists, trying to generate FSBL 
LOG::2023-11-07.18:03:23::SCWSystem::Completed Processing the domain standalone_microblaze_0
LOG::2023-11-07.18:03:23::SCWSystem::Completed Processing the sysconfig mb_intro_top
LOG::2023-11-07.18:03:23::SCWPlatform::Completed generating the artifacts for system configuration mb_intro_top
TRACE::2023-11-07.18:03:23::SCWPlatform::Started preparing the platform 
TRACE::2023-11-07.18:03:23::SCWSystem::Writing the bif file for system config mb_intro_top
TRACE::2023-11-07.18:03:23::SCWSystem::dir created 
TRACE::2023-11-07.18:03:23::SCWSystem::Writing the bif 
TRACE::2023-11-07.18:03:23::SCWPlatform::Started writing the spfm file 
TRACE::2023-11-07.18:03:23::SCWPlatform::Started writing the xpfm file 
TRACE::2023-11-07.18:03:23::SCWPlatform::Completed generating the platform
TRACE::2023-11-07.18:03:23::SCWMssOS::Saving the mss changes C:/Users/18472/385_xilinx_files/SoC_MicroBlaze/workspacefinal/mb_intro_top/microblaze_0/standalone_microblaze_0/bsp/system.mss
TRACE::2023-11-07.18:03:23::SCWMssOS::Found a swdesign opened with the mssfile.
TRACE::2023-11-07.18:03:23::SCWMssOS::Completed writemss as part of save.
TRACE::2023-11-07.18:03:23::SCWMssOS::Commit changes completed.
TRACE::2023-11-07.18:03:23::SCWPlatform::Trying to open the hw design at C:/Users/18472/385_xilinx_files/SoC_MicroBlaze/workspacefinal/mb_intro_top/hw/mb_intro_top.xsa
TRACE::2023-11-07.18:03:23::SCWPlatform::DSA given C:/Users/18472/385_xilinx_files/SoC_MicroBlaze/workspacefinal/mb_intro_top/hw/mb_intro_top.xsa
TRACE::2023-11-07.18:03:23::SCWPlatform::DSA absoulate path C:/Users/18472/385_xilinx_files/SoC_MicroBlaze/workspacefinal/mb_intro_top/hw/mb_intro_top.xsa
TRACE::2023-11-07.18:03:23::SCWPlatform::DSA directory C:/Users/18472/385_xilinx_files/SoC_MicroBlaze/workspacefinal/mb_intro_top/hw
TRACE::2023-11-07.18:03:23::SCWPlatform:: Platform Path C:/Users/18472/385_xilinx_files/SoC_MicroBlaze/workspacefinal/mb_intro_top/hw/mb_intro_top.xsa
TRACE::2023-11-07.18:03:23::SCWPlatform:: Unique name xilinx:::0.0
TRACE::2023-11-07.18:03:23::SCWPlatform::Trying to set the existing hwdb with name mb_intro_top_0
TRACE::2023-11-07.18:03:23::SCWPlatform::Opened existing hwdb mb_intro_top_0
TRACE::2023-11-07.18:03:23::SCWPlatform::Found the Hw Db part of the input DSA
TRACE::2023-11-07.18:03:23::SCWMssOS::Checking the sw design at  C:/Users/18472/385_xilinx_files/SoC_MicroBlaze/workspacefinal/mb_intro_top/microblaze_0/standalone_microblaze_0/bsp/system.mss
TRACE::2023-11-07.18:03:23::SCWMssOS::DEBUG:  swdes dump  C:/Users/18472/385_xilinx_files/SoC_MicroBlaze/workspacefinal/mb_intro_top/microblaze_0/standalone_microblaze_0/bsp/system.mss|system||

TRACE::2023-11-07.18:03:23::SCWMssOS::Sw design exists and opened at  C:/Users/18472/385_xilinx_files/SoC_MicroBlaze/workspacefinal/mb_intro_top/microblaze_0/standalone_microblaze_0/bsp/system.mss
TRACE::2023-11-07.18:03:23::SCWPlatform::Trying to open the hw design at C:/Users/18472/385_xilinx_files/SoC_MicroBlaze/workspacefinal/mb_intro_top/hw/mb_intro_top.xsa
TRACE::2023-11-07.18:03:23::SCWPlatform::DSA given C:/Users/18472/385_xilinx_files/SoC_MicroBlaze/workspacefinal/mb_intro_top/hw/mb_intro_top.xsa
TRACE::2023-11-07.18:03:23::SCWPlatform::DSA absoulate path C:/Users/18472/385_xilinx_files/SoC_MicroBlaze/workspacefinal/mb_intro_top/hw/mb_intro_top.xsa
TRACE::2023-11-07.18:03:23::SCWPlatform::DSA directory C:/Users/18472/385_xilinx_files/SoC_MicroBlaze/workspacefinal/mb_intro_top/hw
TRACE::2023-11-07.18:03:23::SCWPlatform:: Platform Path C:/Users/18472/385_xilinx_files/SoC_MicroBlaze/workspacefinal/mb_intro_top/hw/mb_intro_top.xsa
TRACE::2023-11-07.18:03:23::SCWPlatform:: Unique name xilinx:::0.0
TRACE::2023-11-07.18:03:23::SCWPlatform::Trying to set the existing hwdb with name mb_intro_top_0
TRACE::2023-11-07.18:03:23::SCWPlatform::Opened existing hwdb mb_intro_top_0
TRACE::2023-11-07.18:03:23::SCWPlatform::Found the Hw Db part of the input DSA
TRACE::2023-11-07.18:03:23::SCWMssOS::Checking the sw design at  C:/Users/18472/385_xilinx_files/SoC_MicroBlaze/workspacefinal/mb_intro_top/microblaze_0/standalone_microblaze_0/bsp/system.mss
TRACE::2023-11-07.18:03:23::SCWMssOS::DEBUG:  swdes dump  C:/Users/18472/385_xilinx_files/SoC_MicroBlaze/workspacefinal/mb_intro_top/microblaze_0/standalone_microblaze_0/bsp/system.mss|system||

TRACE::2023-11-07.18:03:23::SCWMssOS::Sw design exists and opened at  C:/Users/18472/385_xilinx_files/SoC_MicroBlaze/workspacefinal/mb_intro_top/microblaze_0/standalone_microblaze_0/bsp/system.mss
TRACE::2023-11-07.18:03:23::SCWPlatform::Trying to open the hw design at C:/Users/18472/385_xilinx_files/SoC_MicroBlaze/workspacefinal/mb_intro_top/hw/mb_intro_top.xsa
TRACE::2023-11-07.18:03:23::SCWPlatform::DSA given C:/Users/18472/385_xilinx_files/SoC_MicroBlaze/workspacefinal/mb_intro_top/hw/mb_intro_top.xsa
TRACE::2023-11-07.18:03:23::SCWPlatform::DSA absoulate path C:/Users/18472/385_xilinx_files/SoC_MicroBlaze/workspacefinal/mb_intro_top/hw/mb_intro_top.xsa
TRACE::2023-11-07.18:03:23::SCWPlatform::DSA directory C:/Users/18472/385_xilinx_files/SoC_MicroBlaze/workspacefinal/mb_intro_top/hw
TRACE::2023-11-07.18:03:23::SCWPlatform:: Platform Path C:/Users/18472/385_xilinx_files/SoC_MicroBlaze/workspacefinal/mb_intro_top/hw/mb_intro_top.xsa
TRACE::2023-11-07.18:03:23::SCWPlatform:: Unique name xilinx:::0.0
TRACE::2023-11-07.18:03:23::SCWPlatform::Trying to set the existing hwdb with name mb_intro_top_0
TRACE::2023-11-07.18:03:23::SCWPlatform::Opened existing hwdb mb_intro_top_0
TRACE::2023-11-07.18:03:23::SCWPlatform::Found the Hw Db part of the input DSA
TRACE::2023-11-07.18:03:23::SCWMssOS::Checking the sw design at  C:/Users/18472/385_xilinx_files/SoC_MicroBlaze/workspacefinal/mb_intro_top/microblaze_0/standalone_microblaze_0/bsp/system.mss
TRACE::2023-11-07.18:03:23::SCWMssOS::DEBUG:  swdes dump  C:/Users/18472/385_xilinx_files/SoC_MicroBlaze/workspacefinal/mb_intro_top/microblaze_0/standalone_microblaze_0/bsp/system.mss|system||

TRACE::2023-11-07.18:03:23::SCWMssOS::Sw design exists and opened at  C:/Users/18472/385_xilinx_files/SoC_MicroBlaze/workspacefinal/mb_intro_top/microblaze_0/standalone_microblaze_0/bsp/system.mss
TRACE::2023-11-07.18:03:23::SCWWriter::formatted JSON is {
	"platformName":	"mb_intro_top",
	"sprVersion":	"2.0",
	"mode":	"gui",
	"dsaType":	"Fixed",
	"platformDesc":	"mb_intro_top",
	"platHandOff":	"C:/Users/18472/385_xilinx_files/SoC_MicroBlaze/mb_intro_top.xsa",
	"platIntHandOff":	"<platformDir>/hw/mb_intro_top.xsa",
	"deviceType":	"FPGA",
	"platIsPrebuiltAutogen":	"false",
	"platIsNoBootBsp":	"false",
	"hasFsblMakeHasChanges":	"false",
	"hasPmufwMakeHasChanges":	"false",
	"platPreBuiltFlag":	false,
	"platformSamplesDir":	"",
	"platActiveSys":	"mb_intro_top",
	"systems":	[{
			"systemName":	"mb_intro_top",
			"systemDesc":	"mb_intro_top",
			"sysIsBootAutoGen":	"true",
			"systemDispName":	"mb_intro_top",
			"sysActiveDom":	"standalone_microblaze_0",
			"sysDefaultDom":	"standalone_microblaze_0",
			"domains":	[{
					"domainName":	"standalone_microblaze_0",
					"domainDispName":	"standalone_microblaze_0",
					"domainDesc":	"standalone_microblaze_0",
					"processors":	"microblaze_0",
					"os":	"standalone",
					"sdxOs":	"standalone",
					"debugEnable":	"False",
					"domRuntimes":	["cpp"],
					"swRepo":	"",
					"mssOsVer":	"8.0",
					"mssFile":	"",
					"md5Digest":	"c1850e17529c9e31e281c5dbe0d47e56",
					"compatibleApp":	"empty_application",
					"domType":	"mssDomain",
					"arch":	"32-bit",
					"appSettings":	{
						"appCompilerFlags":	"",
						"appLinkerFlags":	""
					},
					"addedLibs":	[],
					"libOptions":	{
						"libsContainingOptions":	[]
					},
					"prebuiltLibs":	{
						"prebuiltIncPath":	[],
						"prebuiltLibPath":	[]
					},
					"isolation":	{
					}
				}]
		}]
}
KEYINFO::2023-11-07.18:03:23::SCWPlatform::updated the xpfm file.
TRACE::2023-11-07.18:03:23::SCWPlatform::Trying to open the hw design at C:/Users/18472/385_xilinx_files/SoC_MicroBlaze/workspacefinal/mb_intro_top/hw/mb_intro_top.xsa
TRACE::2023-11-07.18:03:23::SCWPlatform::DSA given C:/Users/18472/385_xilinx_files/SoC_MicroBlaze/workspacefinal/mb_intro_top/hw/mb_intro_top.xsa
TRACE::2023-11-07.18:03:23::SCWPlatform::DSA absoulate path C:/Users/18472/385_xilinx_files/SoC_MicroBlaze/workspacefinal/mb_intro_top/hw/mb_intro_top.xsa
TRACE::2023-11-07.18:03:23::SCWPlatform::DSA directory C:/Users/18472/385_xilinx_files/SoC_MicroBlaze/workspacefinal/mb_intro_top/hw
TRACE::2023-11-07.18:03:23::SCWPlatform:: Platform Path C:/Users/18472/385_xilinx_files/SoC_MicroBlaze/workspacefinal/mb_intro_top/hw/mb_intro_top.xsa
TRACE::2023-11-07.18:03:23::SCWPlatform:: Unique name xilinx:::0.0
TRACE::2023-11-07.18:03:23::SCWPlatform::Trying to set the existing hwdb with name mb_intro_top_0
TRACE::2023-11-07.18:03:23::SCWPlatform::Opened existing hwdb mb_intro_top_0
TRACE::2023-11-07.18:03:23::SCWPlatform::Found the Hw Db part of the input DSA
TRACE::2023-11-07.18:03:23::SCWMssOS::Checking the sw design at  C:/Users/18472/385_xilinx_files/SoC_MicroBlaze/workspacefinal/mb_intro_top/microblaze_0/standalone_microblaze_0/bsp/system.mss
TRACE::2023-11-07.18:03:23::SCWMssOS::DEBUG:  swdes dump  C:/Users/18472/385_xilinx_files/SoC_MicroBlaze/workspacefinal/mb_intro_top/microblaze_0/standalone_microblaze_0/bsp/system.mss|system||

TRACE::2023-11-07.18:03:23::SCWMssOS::Sw design exists and opened at  C:/Users/18472/385_xilinx_files/SoC_MicroBlaze/workspacefinal/mb_intro_top/microblaze_0/standalone_microblaze_0/bsp/system.mss
TRACE::2023-11-07.18:03:23::SCWMssOS::Saving the mss changes C:/Users/18472/385_xilinx_files/SoC_MicroBlaze/workspacefinal/mb_intro_top/microblaze_0/standalone_microblaze_0/bsp/system.mss
TRACE::2023-11-07.18:03:23::SCWMssOS::Found a swdesign opened with the mssfile.
TRACE::2023-11-07.18:03:23::SCWMssOS::Completed writemss as part of save.
TRACE::2023-11-07.18:03:23::SCWMssOS::Commit changes completed.
TRACE::2023-11-07.18:03:23::SCWPlatform::Trying to open the hw design at C:/Users/18472/385_xilinx_files/SoC_MicroBlaze/workspacefinal/mb_intro_top/hw/mb_intro_top.xsa
TRACE::2023-11-07.18:03:23::SCWPlatform::DSA given C:/Users/18472/385_xilinx_files/SoC_MicroBlaze/workspacefinal/mb_intro_top/hw/mb_intro_top.xsa
TRACE::2023-11-07.18:03:23::SCWPlatform::DSA absoulate path C:/Users/18472/385_xilinx_files/SoC_MicroBlaze/workspacefinal/mb_intro_top/hw/mb_intro_top.xsa
TRACE::2023-11-07.18:03:23::SCWPlatform::DSA directory C:/Users/18472/385_xilinx_files/SoC_MicroBlaze/workspacefinal/mb_intro_top/hw
TRACE::2023-11-07.18:03:23::SCWPlatform:: Platform Path C:/Users/18472/385_xilinx_files/SoC_MicroBlaze/workspacefinal/mb_intro_top/hw/mb_intro_top.xsa
TRACE::2023-11-07.18:03:23::SCWPlatform:: Unique name xilinx:::0.0
TRACE::2023-11-07.18:03:23::SCWPlatform::Trying to set the existing hwdb with name mb_intro_top_0
TRACE::2023-11-07.18:03:23::SCWPlatform::Opened existing hwdb mb_intro_top_0
TRACE::2023-11-07.18:03:23::SCWPlatform::Found the Hw Db part of the input DSA
TRACE::2023-11-07.18:03:23::SCWMssOS::Checking the sw design at  C:/Users/18472/385_xilinx_files/SoC_MicroBlaze/workspacefinal/mb_intro_top/microblaze_0/standalone_microblaze_0/bsp/system.mss
TRACE::2023-11-07.18:03:23::SCWMssOS::DEBUG:  swdes dump  C:/Users/18472/385_xilinx_files/SoC_MicroBlaze/workspacefinal/mb_intro_top/microblaze_0/standalone_microblaze_0/bsp/system.mss|system||

TRACE::2023-11-07.18:03:23::SCWMssOS::Sw design exists and opened at  C:/Users/18472/385_xilinx_files/SoC_MicroBlaze/workspacefinal/mb_intro_top/microblaze_0/standalone_microblaze_0/bsp/system.mss
TRACE::2023-11-07.18:03:23::SCWPlatform::Trying to open the hw design at C:/Users/18472/385_xilinx_files/SoC_MicroBlaze/workspacefinal/mb_intro_top/hw/mb_intro_top.xsa
TRACE::2023-11-07.18:03:23::SCWPlatform::DSA given C:/Users/18472/385_xilinx_files/SoC_MicroBlaze/workspacefinal/mb_intro_top/hw/mb_intro_top.xsa
TRACE::2023-11-07.18:03:23::SCWPlatform::DSA absoulate path C:/Users/18472/385_xilinx_files/SoC_MicroBlaze/workspacefinal/mb_intro_top/hw/mb_intro_top.xsa
TRACE::2023-11-07.18:03:23::SCWPlatform::DSA directory C:/Users/18472/385_xilinx_files/SoC_MicroBlaze/workspacefinal/mb_intro_top/hw
TRACE::2023-11-07.18:03:23::SCWPlatform:: Platform Path C:/Users/18472/385_xilinx_files/SoC_MicroBlaze/workspacefinal/mb_intro_top/hw/mb_intro_top.xsa
TRACE::2023-11-07.18:03:23::SCWPlatform:: Unique name xilinx:::0.0
TRACE::2023-11-07.18:03:23::SCWPlatform::Trying to set the existing hwdb with name mb_intro_top_0
TRACE::2023-11-07.18:03:23::SCWPlatform::Opened existing hwdb mb_intro_top_0
TRACE::2023-11-07.18:03:23::SCWPlatform::Found the Hw Db part of the input DSA
TRACE::2023-11-07.18:03:23::SCWMssOS::Checking the sw design at  C:/Users/18472/385_xilinx_files/SoC_MicroBlaze/workspacefinal/mb_intro_top/microblaze_0/standalone_microblaze_0/bsp/system.mss
TRACE::2023-11-07.18:03:23::SCWMssOS::DEBUG:  swdes dump  C:/Users/18472/385_xilinx_files/SoC_MicroBlaze/workspacefinal/mb_intro_top/microblaze_0/standalone_microblaze_0/bsp/system.mss|system||

TRACE::2023-11-07.18:03:23::SCWMssOS::Sw design exists and opened at  C:/Users/18472/385_xilinx_files/SoC_MicroBlaze/workspacefinal/mb_intro_top/microblaze_0/standalone_microblaze_0/bsp/system.mss
TRACE::2023-11-07.18:03:23::SCWPlatform::Trying to open the hw design at C:/Users/18472/385_xilinx_files/SoC_MicroBlaze/workspacefinal/mb_intro_top/hw/mb_intro_top.xsa
TRACE::2023-11-07.18:03:23::SCWPlatform::DSA given C:/Users/18472/385_xilinx_files/SoC_MicroBlaze/workspacefinal/mb_intro_top/hw/mb_intro_top.xsa
TRACE::2023-11-07.18:03:23::SCWPlatform::DSA absoulate path C:/Users/18472/385_xilinx_files/SoC_MicroBlaze/workspacefinal/mb_intro_top/hw/mb_intro_top.xsa
TRACE::2023-11-07.18:03:23::SCWPlatform::DSA directory C:/Users/18472/385_xilinx_files/SoC_MicroBlaze/workspacefinal/mb_intro_top/hw
TRACE::2023-11-07.18:03:23::SCWPlatform:: Platform Path C:/Users/18472/385_xilinx_files/SoC_MicroBlaze/workspacefinal/mb_intro_top/hw/mb_intro_top.xsa
TRACE::2023-11-07.18:03:23::SCWPlatform:: Unique name xilinx:::0.0
TRACE::2023-11-07.18:03:23::SCWPlatform::Trying to set the existing hwdb with name mb_intro_top_0
TRACE::2023-11-07.18:03:23::SCWPlatform::Opened existing hwdb mb_intro_top_0
TRACE::2023-11-07.18:03:23::SCWPlatform::Found the Hw Db part of the input DSA
TRACE::2023-11-07.18:03:23::SCWMssOS::Checking the sw design at  C:/Users/18472/385_xilinx_files/SoC_MicroBlaze/workspacefinal/mb_intro_top/microblaze_0/standalone_microblaze_0/bsp/system.mss
TRACE::2023-11-07.18:03:23::SCWMssOS::DEBUG:  swdes dump  C:/Users/18472/385_xilinx_files/SoC_MicroBlaze/workspacefinal/mb_intro_top/microblaze_0/standalone_microblaze_0/bsp/system.mss|system||

TRACE::2023-11-07.18:03:23::SCWMssOS::Sw design exists and opened at  C:/Users/18472/385_xilinx_files/SoC_MicroBlaze/workspacefinal/mb_intro_top/microblaze_0/standalone_microblaze_0/bsp/system.mss
TRACE::2023-11-07.18:03:23::SCWWriter::formatted JSON is {
	"platformName":	"mb_intro_top",
	"sprVersion":	"2.0",
	"mode":	"gui",
	"dsaType":	"Fixed",
	"platformDesc":	"mb_intro_top",
	"platHandOff":	"C:/Users/18472/385_xilinx_files/SoC_MicroBlaze/mb_intro_top.xsa",
	"platIntHandOff":	"<platformDir>/hw/mb_intro_top.xsa",
	"deviceType":	"FPGA",
	"platIsPrebuiltAutogen":	"false",
	"platIsNoBootBsp":	"false",
	"hasFsblMakeHasChanges":	"false",
	"hasPmufwMakeHasChanges":	"false",
	"platPreBuiltFlag":	false,
	"platformSamplesDir":	"",
	"platActiveSys":	"mb_intro_top",
	"systems":	[{
			"systemName":	"mb_intro_top",
			"systemDesc":	"mb_intro_top",
			"sysIsBootAutoGen":	"true",
			"systemDispName":	"mb_intro_top",
			"sysActiveDom":	"standalone_microblaze_0",
			"sysDefaultDom":	"standalone_microblaze_0",
			"domains":	[{
					"domainName":	"standalone_microblaze_0",
					"domainDispName":	"standalone_microblaze_0",
					"domainDesc":	"standalone_microblaze_0",
					"processors":	"microblaze_0",
					"os":	"standalone",
					"sdxOs":	"standalone",
					"debugEnable":	"False",
					"domRuntimes":	["cpp"],
					"swRepo":	"",
					"mssOsVer":	"8.0",
					"mssFile":	"",
					"md5Digest":	"c1850e17529c9e31e281c5dbe0d47e56",
					"compatibleApp":	"empty_application",
					"domType":	"mssDomain",
					"arch":	"32-bit",
					"appSettings":	{
						"appCompilerFlags":	"",
						"appLinkerFlags":	""
					},
					"addedLibs":	[],
					"libOptions":	{
						"libsContainingOptions":	[]
					},
					"prebuiltLibs":	{
						"prebuiltIncPath":	[],
						"prebuiltLibPath":	[]
					},
					"isolation":	{
					}
				}]
		}]
}
TRACE::2023-11-07.18:03:23::SCWPlatform::Trying to open the hw design at C:/Users/18472/385_xilinx_files/SoC_MicroBlaze/workspacefinal/mb_intro_top/hw/mb_intro_top.xsa
TRACE::2023-11-07.18:03:23::SCWPlatform::DSA given C:/Users/18472/385_xilinx_files/SoC_MicroBlaze/workspacefinal/mb_intro_top/hw/mb_intro_top.xsa
TRACE::2023-11-07.18:03:23::SCWPlatform::DSA absoulate path C:/Users/18472/385_xilinx_files/SoC_MicroBlaze/workspacefinal/mb_intro_top/hw/mb_intro_top.xsa
TRACE::2023-11-07.18:03:23::SCWPlatform::DSA directory C:/Users/18472/385_xilinx_files/SoC_MicroBlaze/workspacefinal/mb_intro_top/hw
TRACE::2023-11-07.18:03:23::SCWPlatform:: Platform Path C:/Users/18472/385_xilinx_files/SoC_MicroBlaze/workspacefinal/mb_intro_top/hw/mb_intro_top.xsa
TRACE::2023-11-07.18:03:23::SCWPlatform:: Unique name xilinx:::0.0
TRACE::2023-11-07.18:03:23::SCWPlatform::Trying to set the existing hwdb with name mb_intro_top_0
TRACE::2023-11-07.18:03:23::SCWPlatform::Opened existing hwdb mb_intro_top_0
TRACE::2023-11-07.18:03:23::SCWPlatform::Found the Hw Db part of the input DSA
TRACE::2023-11-07.18:03:23::SCWMssOS::Checking the sw design at  C:/Users/18472/385_xilinx_files/SoC_MicroBlaze/workspacefinal/mb_intro_top/microblaze_0/standalone_microblaze_0/bsp/system.mss
TRACE::2023-11-07.18:03:23::SCWMssOS::DEBUG:  swdes dump  C:/Users/18472/385_xilinx_files/SoC_MicroBlaze/workspacefinal/mb_intro_top/microblaze_0/standalone_microblaze_0/bsp/system.mss|system||

TRACE::2023-11-07.18:03:23::SCWMssOS::Sw design exists and opened at  C:/Users/18472/385_xilinx_files/SoC_MicroBlaze/workspacefinal/mb_intro_top/microblaze_0/standalone_microblaze_0/bsp/system.mss
TRACE::2023-11-07.18:03:23::SCWPlatform::Trying to open the hw design at C:/Users/18472/385_xilinx_files/SoC_MicroBlaze/workspacefinal/mb_intro_top/hw/mb_intro_top.xsa
TRACE::2023-11-07.18:03:23::SCWPlatform::DSA given C:/Users/18472/385_xilinx_files/SoC_MicroBlaze/workspacefinal/mb_intro_top/hw/mb_intro_top.xsa
TRACE::2023-11-07.18:03:23::SCWPlatform::DSA absoulate path C:/Users/18472/385_xilinx_files/SoC_MicroBlaze/workspacefinal/mb_intro_top/hw/mb_intro_top.xsa
TRACE::2023-11-07.18:03:23::SCWPlatform::DSA directory C:/Users/18472/385_xilinx_files/SoC_MicroBlaze/workspacefinal/mb_intro_top/hw
TRACE::2023-11-07.18:03:23::SCWPlatform:: Platform Path C:/Users/18472/385_xilinx_files/SoC_MicroBlaze/workspacefinal/mb_intro_top/hw/mb_intro_top.xsa
TRACE::2023-11-07.18:03:23::SCWPlatform:: Unique name xilinx:::0.0
TRACE::2023-11-07.18:03:23::SCWPlatform::Trying to set the existing hwdb with name mb_intro_top_0
TRACE::2023-11-07.18:03:23::SCWPlatform::Opened existing hwdb mb_intro_top_0
TRACE::2023-11-07.18:03:23::SCWPlatform::Found the Hw Db part of the input DSA
TRACE::2023-11-07.18:03:23::SCWMssOS::Checking the sw design at  C:/Users/18472/385_xilinx_files/SoC_MicroBlaze/workspacefinal/mb_intro_top/microblaze_0/standalone_microblaze_0/bsp/system.mss
TRACE::2023-11-07.18:03:23::SCWMssOS::DEBUG:  swdes dump  C:/Users/18472/385_xilinx_files/SoC_MicroBlaze/workspacefinal/mb_intro_top/microblaze_0/standalone_microblaze_0/bsp/system.mss|system||

TRACE::2023-11-07.18:03:23::SCWMssOS::Sw design exists and opened at  C:/Users/18472/385_xilinx_files/SoC_MicroBlaze/workspacefinal/mb_intro_top/microblaze_0/standalone_microblaze_0/bsp/system.mss
TRACE::2023-11-07.18:03:23::SCWMssOS::Saving the mss changes C:/Users/18472/385_xilinx_files/SoC_MicroBlaze/workspacefinal/mb_intro_top/microblaze_0/standalone_microblaze_0/bsp/system.mss
TRACE::2023-11-07.18:03:23::SCWMssOS::Found a swdesign opened with the mssfile.
TRACE::2023-11-07.18:03:23::SCWMssOS::Completed writemss as part of save.
TRACE::2023-11-07.18:03:23::SCWMssOS::Commit changes completed.
TRACE::2023-11-07.18:03:23::SCWPlatform::Trying to open the hw design at C:/Users/18472/385_xilinx_files/SoC_MicroBlaze/workspacefinal/mb_intro_top/hw/mb_intro_top.xsa
TRACE::2023-11-07.18:03:23::SCWPlatform::DSA given C:/Users/18472/385_xilinx_files/SoC_MicroBlaze/workspacefinal/mb_intro_top/hw/mb_intro_top.xsa
TRACE::2023-11-07.18:03:23::SCWPlatform::DSA absoulate path C:/Users/18472/385_xilinx_files/SoC_MicroBlaze/workspacefinal/mb_intro_top/hw/mb_intro_top.xsa
TRACE::2023-11-07.18:03:23::SCWPlatform::DSA directory C:/Users/18472/385_xilinx_files/SoC_MicroBlaze/workspacefinal/mb_intro_top/hw
TRACE::2023-11-07.18:03:23::SCWPlatform:: Platform Path C:/Users/18472/385_xilinx_files/SoC_MicroBlaze/workspacefinal/mb_intro_top/hw/mb_intro_top.xsa
TRACE::2023-11-07.18:03:23::SCWPlatform:: Unique name xilinx:::0.0
TRACE::2023-11-07.18:03:23::SCWPlatform::Trying to set the existing hwdb with name mb_intro_top_0
TRACE::2023-11-07.18:03:23::SCWPlatform::Opened existing hwdb mb_intro_top_0
TRACE::2023-11-07.18:03:23::SCWPlatform::Found the Hw Db part of the input DSA
TRACE::2023-11-07.18:03:23::SCWMssOS::Checking the sw design at  C:/Users/18472/385_xilinx_files/SoC_MicroBlaze/workspacefinal/mb_intro_top/microblaze_0/standalone_microblaze_0/bsp/system.mss
TRACE::2023-11-07.18:03:23::SCWMssOS::DEBUG:  swdes dump  C:/Users/18472/385_xilinx_files/SoC_MicroBlaze/workspacefinal/mb_intro_top/microblaze_0/standalone_microblaze_0/bsp/system.mss|system||

TRACE::2023-11-07.18:03:23::SCWMssOS::Sw design exists and opened at  C:/Users/18472/385_xilinx_files/SoC_MicroBlaze/workspacefinal/mb_intro_top/microblaze_0/standalone_microblaze_0/bsp/system.mss
TRACE::2023-11-07.18:03:23::SCWPlatform::Trying to open the hw design at C:/Users/18472/385_xilinx_files/SoC_MicroBlaze/workspacefinal/mb_intro_top/hw/mb_intro_top.xsa
TRACE::2023-11-07.18:03:23::SCWPlatform::DSA given C:/Users/18472/385_xilinx_files/SoC_MicroBlaze/workspacefinal/mb_intro_top/hw/mb_intro_top.xsa
TRACE::2023-11-07.18:03:23::SCWPlatform::DSA absoulate path C:/Users/18472/385_xilinx_files/SoC_MicroBlaze/workspacefinal/mb_intro_top/hw/mb_intro_top.xsa
TRACE::2023-11-07.18:03:23::SCWPlatform::DSA directory C:/Users/18472/385_xilinx_files/SoC_MicroBlaze/workspacefinal/mb_intro_top/hw
TRACE::2023-11-07.18:03:23::SCWPlatform:: Platform Path C:/Users/18472/385_xilinx_files/SoC_MicroBlaze/workspacefinal/mb_intro_top/hw/mb_intro_top.xsa
TRACE::2023-11-07.18:03:23::SCWPlatform:: Unique name xilinx:::0.0
TRACE::2023-11-07.18:03:23::SCWPlatform::Trying to set the existing hwdb with name mb_intro_top_0
TRACE::2023-11-07.18:03:23::SCWPlatform::Opened existing hwdb mb_intro_top_0
TRACE::2023-11-07.18:03:23::SCWPlatform::Found the Hw Db part of the input DSA
TRACE::2023-11-07.18:03:23::SCWMssOS::Checking the sw design at  C:/Users/18472/385_xilinx_files/SoC_MicroBlaze/workspacefinal/mb_intro_top/microblaze_0/standalone_microblaze_0/bsp/system.mss
TRACE::2023-11-07.18:03:23::SCWMssOS::DEBUG:  swdes dump  C:/Users/18472/385_xilinx_files/SoC_MicroBlaze/workspacefinal/mb_intro_top/microblaze_0/standalone_microblaze_0/bsp/system.mss|system||

TRACE::2023-11-07.18:03:23::SCWMssOS::Sw design exists and opened at  C:/Users/18472/385_xilinx_files/SoC_MicroBlaze/workspacefinal/mb_intro_top/microblaze_0/standalone_microblaze_0/bsp/system.mss
TRACE::2023-11-07.18:03:23::SCWPlatform::Trying to open the hw design at C:/Users/18472/385_xilinx_files/SoC_MicroBlaze/workspacefinal/mb_intro_top/hw/mb_intro_top.xsa
TRACE::2023-11-07.18:03:23::SCWPlatform::DSA given C:/Users/18472/385_xilinx_files/SoC_MicroBlaze/workspacefinal/mb_intro_top/hw/mb_intro_top.xsa
TRACE::2023-11-07.18:03:23::SCWPlatform::DSA absoulate path C:/Users/18472/385_xilinx_files/SoC_MicroBlaze/workspacefinal/mb_intro_top/hw/mb_intro_top.xsa
TRACE::2023-11-07.18:03:23::SCWPlatform::DSA directory C:/Users/18472/385_xilinx_files/SoC_MicroBlaze/workspacefinal/mb_intro_top/hw
TRACE::2023-11-07.18:03:23::SCWPlatform:: Platform Path C:/Users/18472/385_xilinx_files/SoC_MicroBlaze/workspacefinal/mb_intro_top/hw/mb_intro_top.xsa
TRACE::2023-11-07.18:03:23::SCWPlatform:: Unique name xilinx:::0.0
TRACE::2023-11-07.18:03:23::SCWPlatform::Trying to set the existing hwdb with name mb_intro_top_0
TRACE::2023-11-07.18:03:23::SCWPlatform::Opened existing hwdb mb_intro_top_0
TRACE::2023-11-07.18:03:23::SCWPlatform::Found the Hw Db part of the input DSA
TRACE::2023-11-07.18:03:23::SCWMssOS::Checking the sw design at  C:/Users/18472/385_xilinx_files/SoC_MicroBlaze/workspacefinal/mb_intro_top/microblaze_0/standalone_microblaze_0/bsp/system.mss
TRACE::2023-11-07.18:03:23::SCWMssOS::DEBUG:  swdes dump  C:/Users/18472/385_xilinx_files/SoC_MicroBlaze/workspacefinal/mb_intro_top/microblaze_0/standalone_microblaze_0/bsp/system.mss|system||

TRACE::2023-11-07.18:03:23::SCWMssOS::Sw design exists and opened at  C:/Users/18472/385_xilinx_files/SoC_MicroBlaze/workspacefinal/mb_intro_top/microblaze_0/standalone_microblaze_0/bsp/system.mss
TRACE::2023-11-07.18:03:23::SCWWriter::formatted JSON is {
	"platformName":	"mb_intro_top",
	"sprVersion":	"2.0",
	"mode":	"gui",
	"dsaType":	"Fixed",
	"platformDesc":	"mb_intro_top",
	"platHandOff":	"C:/Users/18472/385_xilinx_files/SoC_MicroBlaze/mb_intro_top.xsa",
	"platIntHandOff":	"<platformDir>/hw/mb_intro_top.xsa",
	"deviceType":	"FPGA",
	"platIsPrebuiltAutogen":	"false",
	"platIsNoBootBsp":	"false",
	"hasFsblMakeHasChanges":	"false",
	"hasPmufwMakeHasChanges":	"false",
	"platPreBuiltFlag":	false,
	"platformSamplesDir":	"",
	"platActiveSys":	"mb_intro_top",
	"systems":	[{
			"systemName":	"mb_intro_top",
			"systemDesc":	"mb_intro_top",
			"sysIsBootAutoGen":	"true",
			"systemDispName":	"mb_intro_top",
			"sysActiveDom":	"standalone_microblaze_0",
			"sysDefaultDom":	"standalone_microblaze_0",
			"domains":	[{
					"domainName":	"standalone_microblaze_0",
					"domainDispName":	"standalone_microblaze_0",
					"domainDesc":	"standalone_microblaze_0",
					"processors":	"microblaze_0",
					"os":	"standalone",
					"sdxOs":	"standalone",
					"debugEnable":	"False",
					"domRuntimes":	["cpp"],
					"swRepo":	"",
					"mssOsVer":	"8.0",
					"mssFile":	"",
					"md5Digest":	"c1850e17529c9e31e281c5dbe0d47e56",
					"compatibleApp":	"empty_application",
					"domType":	"mssDomain",
					"arch":	"32-bit",
					"appSettings":	{
						"appCompilerFlags":	"",
						"appLinkerFlags":	""
					},
					"addedLibs":	[],
					"libOptions":	{
						"libsContainingOptions":	[]
					},
					"prebuiltLibs":	{
						"prebuiltIncPath":	[],
						"prebuiltLibPath":	[]
					},
					"isolation":	{
					}
				}]
		}]
}
LOG::2023-11-07.18:03:23::SCWPlatform::Started generating the artifacts platform mb_intro_top
TRACE::2023-11-07.18:03:23::SCWPlatform::Sanity checking of platform is completed
LOG::2023-11-07.18:03:23::SCWPlatform::Started generating the artifacts for system configuration mb_intro_top
LOG::2023-11-07.18:03:23::SCWSystem::Started Processing the domain standalone_microblaze_0
TRACE::2023-11-07.18:03:23::SCWDomain::Generating domain artifcats
TRACE::2023-11-07.18:03:23::SCWMssOS::Generating standalone artifcats
TRACE::2023-11-07.18:03:23::SCWMssOS:: Copying the user libraries. 
TRACE::2023-11-07.18:03:23::SCWPlatform::Trying to open the hw design at C:/Users/18472/385_xilinx_files/SoC_MicroBlaze/workspacefinal/mb_intro_top/hw/mb_intro_top.xsa
TRACE::2023-11-07.18:03:23::SCWPlatform::DSA given C:/Users/18472/385_xilinx_files/SoC_MicroBlaze/workspacefinal/mb_intro_top/hw/mb_intro_top.xsa
TRACE::2023-11-07.18:03:23::SCWPlatform::DSA absoulate path C:/Users/18472/385_xilinx_files/SoC_MicroBlaze/workspacefinal/mb_intro_top/hw/mb_intro_top.xsa
TRACE::2023-11-07.18:03:23::SCWPlatform::DSA directory C:/Users/18472/385_xilinx_files/SoC_MicroBlaze/workspacefinal/mb_intro_top/hw
TRACE::2023-11-07.18:03:23::SCWPlatform:: Platform Path C:/Users/18472/385_xilinx_files/SoC_MicroBlaze/workspacefinal/mb_intro_top/hw/mb_intro_top.xsa
TRACE::2023-11-07.18:03:23::SCWPlatform:: Unique name xilinx:::0.0
TRACE::2023-11-07.18:03:23::SCWPlatform::Trying to set the existing hwdb with name mb_intro_top_0
TRACE::2023-11-07.18:03:23::SCWPlatform::Opened existing hwdb mb_intro_top_0
TRACE::2023-11-07.18:03:23::SCWPlatform::Found the Hw Db part of the input DSA
TRACE::2023-11-07.18:03:23::SCWMssOS::Checking the sw design at  C:/Users/18472/385_xilinx_files/SoC_MicroBlaze/workspacefinal/mb_intro_top/microblaze_0/standalone_microblaze_0/bsp/system.mss
TRACE::2023-11-07.18:03:23::SCWMssOS::DEBUG:  swdes dump  C:/Users/18472/385_xilinx_files/SoC_MicroBlaze/workspacefinal/mb_intro_top/microblaze_0/standalone_microblaze_0/bsp/system.mss|system||

TRACE::2023-11-07.18:03:23::SCWMssOS::Sw design exists and opened at  C:/Users/18472/385_xilinx_files/SoC_MicroBlaze/workspacefinal/mb_intro_top/microblaze_0/standalone_microblaze_0/bsp/system.mss
TRACE::2023-11-07.18:03:23::SCWMssOS::Completed writing the mss file at C:/Users/18472/385_xilinx_files/SoC_MicroBlaze/workspacefinal/mb_intro_top/microblaze_0/standalone_microblaze_0/bsp
TRACE::2023-11-07.18:03:23::SCWMssOS::Mss edits present, copying mssfile into export location C:/Users/18472/385_xilinx_files/SoC_MicroBlaze/workspacefinal/mb_intro_top/microblaze_0/standalone_microblaze_0/bsp/system.mss
TRACE::2023-11-07.18:03:23::SCWMssOS::bsp generated is upto date with the mss file. Skipping bsp generation.
TRACE::2023-11-07.18:03:23::SCWMssOS::BSP is already built. skipping the bsp build ... 
TRACE::2023-11-07.18:03:23::SCWDomain::Building the domain as part of full build :  standalone_microblaze_0
TRACE::2023-11-07.18:03:23::SCWMssOS::skipping the bsp build ... 
TRACE::2023-11-07.18:03:23::SCWMssOS::Copying to export directory.
TRACE::2023-11-07.18:03:23::SCWMssOS:: Checking if to create the Supporting Applications
TRACE::2023-11-07.18:03:23::SCWMssOS:: No Linux domain exists, trying to generate FSBL 
LOG::2023-11-07.18:03:23::SCWSystem::Completed Processing the domain standalone_microblaze_0
LOG::2023-11-07.18:03:23::SCWSystem::Completed Processing the sysconfig mb_intro_top
LOG::2023-11-07.18:03:23::SCWPlatform::Completed generating the artifacts for system configuration mb_intro_top
TRACE::2023-11-07.18:03:23::SCWPlatform::Started preparing the platform 
TRACE::2023-11-07.18:03:23::SCWSystem::Writing the bif file for system config mb_intro_top
TRACE::2023-11-07.18:03:23::SCWSystem::dir created 
TRACE::2023-11-07.18:03:23::SCWSystem::Writing the bif 
TRACE::2023-11-07.18:03:23::SCWPlatform::Started writing the spfm file 
TRACE::2023-11-07.18:03:23::SCWPlatform::Started writing the xpfm file 
TRACE::2023-11-07.18:03:23::SCWPlatform::Completed generating the platform
TRACE::2023-11-07.18:03:23::SCWMssOS::Saving the mss changes C:/Users/18472/385_xilinx_files/SoC_MicroBlaze/workspacefinal/mb_intro_top/microblaze_0/standalone_microblaze_0/bsp/system.mss
TRACE::2023-11-07.18:03:23::SCWMssOS::Found a swdesign opened with the mssfile.
TRACE::2023-11-07.18:03:23::SCWMssOS::Completed writemss as part of save.
TRACE::2023-11-07.18:03:23::SCWMssOS::Commit changes completed.
TRACE::2023-11-07.18:03:23::SCWPlatform::Trying to open the hw design at C:/Users/18472/385_xilinx_files/SoC_MicroBlaze/workspacefinal/mb_intro_top/hw/mb_intro_top.xsa
TRACE::2023-11-07.18:03:23::SCWPlatform::DSA given C:/Users/18472/385_xilinx_files/SoC_MicroBlaze/workspacefinal/mb_intro_top/hw/mb_intro_top.xsa
TRACE::2023-11-07.18:03:23::SCWPlatform::DSA absoulate path C:/Users/18472/385_xilinx_files/SoC_MicroBlaze/workspacefinal/mb_intro_top/hw/mb_intro_top.xsa
TRACE::2023-11-07.18:03:23::SCWPlatform::DSA directory C:/Users/18472/385_xilinx_files/SoC_MicroBlaze/workspacefinal/mb_intro_top/hw
TRACE::2023-11-07.18:03:23::SCWPlatform:: Platform Path C:/Users/18472/385_xilinx_files/SoC_MicroBlaze/workspacefinal/mb_intro_top/hw/mb_intro_top.xsa
TRACE::2023-11-07.18:03:23::SCWPlatform:: Unique name xilinx:::0.0
TRACE::2023-11-07.18:03:23::SCWPlatform::Trying to set the existing hwdb with name mb_intro_top_0
TRACE::2023-11-07.18:03:23::SCWPlatform::Opened existing hwdb mb_intro_top_0
TRACE::2023-11-07.18:03:23::SCWPlatform::Found the Hw Db part of the input DSA
TRACE::2023-11-07.18:03:23::SCWMssOS::Checking the sw design at  C:/Users/18472/385_xilinx_files/SoC_MicroBlaze/workspacefinal/mb_intro_top/microblaze_0/standalone_microblaze_0/bsp/system.mss
TRACE::2023-11-07.18:03:23::SCWMssOS::DEBUG:  swdes dump  C:/Users/18472/385_xilinx_files/SoC_MicroBlaze/workspacefinal/mb_intro_top/microblaze_0/standalone_microblaze_0/bsp/system.mss|system||

TRACE::2023-11-07.18:03:23::SCWMssOS::Sw design exists and opened at  C:/Users/18472/385_xilinx_files/SoC_MicroBlaze/workspacefinal/mb_intro_top/microblaze_0/standalone_microblaze_0/bsp/system.mss
TRACE::2023-11-07.18:03:23::SCWPlatform::Trying to open the hw design at C:/Users/18472/385_xilinx_files/SoC_MicroBlaze/workspacefinal/mb_intro_top/hw/mb_intro_top.xsa
TRACE::2023-11-07.18:03:23::SCWPlatform::DSA given C:/Users/18472/385_xilinx_files/SoC_MicroBlaze/workspacefinal/mb_intro_top/hw/mb_intro_top.xsa
TRACE::2023-11-07.18:03:23::SCWPlatform::DSA absoulate path C:/Users/18472/385_xilinx_files/SoC_MicroBlaze/workspacefinal/mb_intro_top/hw/mb_intro_top.xsa
TRACE::2023-11-07.18:03:23::SCWPlatform::DSA directory C:/Users/18472/385_xilinx_files/SoC_MicroBlaze/workspacefinal/mb_intro_top/hw
TRACE::2023-11-07.18:03:23::SCWPlatform:: Platform Path C:/Users/18472/385_xilinx_files/SoC_MicroBlaze/workspacefinal/mb_intro_top/hw/mb_intro_top.xsa
TRACE::2023-11-07.18:03:23::SCWPlatform:: Unique name xilinx:::0.0
TRACE::2023-11-07.18:03:23::SCWPlatform::Trying to set the existing hwdb with name mb_intro_top_0
TRACE::2023-11-07.18:03:23::SCWPlatform::Opened existing hwdb mb_intro_top_0
TRACE::2023-11-07.18:03:23::SCWPlatform::Found the Hw Db part of the input DSA
TRACE::2023-11-07.18:03:23::SCWMssOS::Checking the sw design at  C:/Users/18472/385_xilinx_files/SoC_MicroBlaze/workspacefinal/mb_intro_top/microblaze_0/standalone_microblaze_0/bsp/system.mss
TRACE::2023-11-07.18:03:23::SCWMssOS::DEBUG:  swdes dump  C:/Users/18472/385_xilinx_files/SoC_MicroBlaze/workspacefinal/mb_intro_top/microblaze_0/standalone_microblaze_0/bsp/system.mss|system||

TRACE::2023-11-07.18:03:23::SCWMssOS::Sw design exists and opened at  C:/Users/18472/385_xilinx_files/SoC_MicroBlaze/workspacefinal/mb_intro_top/microblaze_0/standalone_microblaze_0/bsp/system.mss
TRACE::2023-11-07.18:03:23::SCWPlatform::Trying to open the hw design at C:/Users/18472/385_xilinx_files/SoC_MicroBlaze/workspacefinal/mb_intro_top/hw/mb_intro_top.xsa
TRACE::2023-11-07.18:03:23::SCWPlatform::DSA given C:/Users/18472/385_xilinx_files/SoC_MicroBlaze/workspacefinal/mb_intro_top/hw/mb_intro_top.xsa
TRACE::2023-11-07.18:03:23::SCWPlatform::DSA absoulate path C:/Users/18472/385_xilinx_files/SoC_MicroBlaze/workspacefinal/mb_intro_top/hw/mb_intro_top.xsa
TRACE::2023-11-07.18:03:23::SCWPlatform::DSA directory C:/Users/18472/385_xilinx_files/SoC_MicroBlaze/workspacefinal/mb_intro_top/hw
TRACE::2023-11-07.18:03:23::SCWPlatform:: Platform Path C:/Users/18472/385_xilinx_files/SoC_MicroBlaze/workspacefinal/mb_intro_top/hw/mb_intro_top.xsa
TRACE::2023-11-07.18:03:23::SCWPlatform:: Unique name xilinx:::0.0
TRACE::2023-11-07.18:03:23::SCWPlatform::Trying to set the existing hwdb with name mb_intro_top_0
TRACE::2023-11-07.18:03:23::SCWPlatform::Opened existing hwdb mb_intro_top_0
TRACE::2023-11-07.18:03:23::SCWPlatform::Found the Hw Db part of the input DSA
TRACE::2023-11-07.18:03:23::SCWMssOS::Checking the sw design at  C:/Users/18472/385_xilinx_files/SoC_MicroBlaze/workspacefinal/mb_intro_top/microblaze_0/standalone_microblaze_0/bsp/system.mss
TRACE::2023-11-07.18:03:23::SCWMssOS::DEBUG:  swdes dump  C:/Users/18472/385_xilinx_files/SoC_MicroBlaze/workspacefinal/mb_intro_top/microblaze_0/standalone_microblaze_0/bsp/system.mss|system||

TRACE::2023-11-07.18:03:23::SCWMssOS::Sw design exists and opened at  C:/Users/18472/385_xilinx_files/SoC_MicroBlaze/workspacefinal/mb_intro_top/microblaze_0/standalone_microblaze_0/bsp/system.mss
TRACE::2023-11-07.18:03:23::SCWWriter::formatted JSON is {
	"platformName":	"mb_intro_top",
	"sprVersion":	"2.0",
	"mode":	"gui",
	"dsaType":	"Fixed",
	"platformDesc":	"mb_intro_top",
	"platHandOff":	"C:/Users/18472/385_xilinx_files/SoC_MicroBlaze/mb_intro_top.xsa",
	"platIntHandOff":	"<platformDir>/hw/mb_intro_top.xsa",
	"deviceType":	"FPGA",
	"platIsPrebuiltAutogen":	"false",
	"platIsNoBootBsp":	"false",
	"hasFsblMakeHasChanges":	"false",
	"hasPmufwMakeHasChanges":	"false",
	"platPreBuiltFlag":	false,
	"platformSamplesDir":	"",
	"platActiveSys":	"mb_intro_top",
	"systems":	[{
			"systemName":	"mb_intro_top",
			"systemDesc":	"mb_intro_top",
			"sysIsBootAutoGen":	"true",
			"systemDispName":	"mb_intro_top",
			"sysActiveDom":	"standalone_microblaze_0",
			"sysDefaultDom":	"standalone_microblaze_0",
			"domains":	[{
					"domainName":	"standalone_microblaze_0",
					"domainDispName":	"standalone_microblaze_0",
					"domainDesc":	"standalone_microblaze_0",
					"processors":	"microblaze_0",
					"os":	"standalone",
					"sdxOs":	"standalone",
					"debugEnable":	"False",
					"domRuntimes":	["cpp"],
					"swRepo":	"",
					"mssOsVer":	"8.0",
					"mssFile":	"",
					"md5Digest":	"c1850e17529c9e31e281c5dbe0d47e56",
					"compatibleApp":	"empty_application",
					"domType":	"mssDomain",
					"arch":	"32-bit",
					"appSettings":	{
						"appCompilerFlags":	"",
						"appLinkerFlags":	""
					},
					"addedLibs":	[],
					"libOptions":	{
						"libsContainingOptions":	[]
					},
					"prebuiltLibs":	{
						"prebuiltIncPath":	[],
						"prebuiltLibPath":	[]
					},
					"isolation":	{
					}
				}]
		}]
}
KEYINFO::2023-11-07.18:03:23::SCWPlatform::updated the xpfm file.
LOG::2023-11-07.18:08:12::SCWPlatform::Started generating the artifacts platform mb_intro_top
TRACE::2023-11-07.18:08:12::SCWPlatform::Sanity checking of platform is completed
LOG::2023-11-07.18:08:12::SCWPlatform::Started generating the artifacts for system configuration mb_intro_top
LOG::2023-11-07.18:08:12::SCWSystem::Checking the domain standalone_microblaze_0
LOG::2023-11-07.18:08:12::SCWSystem::Not a boot domain 
LOG::2023-11-07.18:08:12::SCWSystem::Started Processing the domain standalone_microblaze_0
TRACE::2023-11-07.18:08:12::SCWDomain::Generating domain artifcats
TRACE::2023-11-07.18:08:12::SCWMssOS::Generating standalone artifcats
TRACE::2023-11-07.18:08:12::SCWMssOS:: Copying the user libraries. 
TRACE::2023-11-07.18:08:12::SCWPlatform::Trying to open the hw design at C:/Users/18472/385_xilinx_files/SoC_MicroBlaze/workspacefinal/mb_intro_top/hw/mb_intro_top.xsa
TRACE::2023-11-07.18:08:12::SCWPlatform::DSA given C:/Users/18472/385_xilinx_files/SoC_MicroBlaze/workspacefinal/mb_intro_top/hw/mb_intro_top.xsa
TRACE::2023-11-07.18:08:12::SCWPlatform::DSA absoulate path C:/Users/18472/385_xilinx_files/SoC_MicroBlaze/workspacefinal/mb_intro_top/hw/mb_intro_top.xsa
TRACE::2023-11-07.18:08:12::SCWPlatform::DSA directory C:/Users/18472/385_xilinx_files/SoC_MicroBlaze/workspacefinal/mb_intro_top/hw
TRACE::2023-11-07.18:08:12::SCWPlatform:: Platform Path C:/Users/18472/385_xilinx_files/SoC_MicroBlaze/workspacefinal/mb_intro_top/hw/mb_intro_top.xsa
TRACE::2023-11-07.18:08:12::SCWPlatform:: Unique name xilinx:::0.0
TRACE::2023-11-07.18:08:12::SCWPlatform::Trying to set the existing hwdb with name mb_intro_top_0
TRACE::2023-11-07.18:08:12::SCWPlatform::Opened existing hwdb mb_intro_top_0
TRACE::2023-11-07.18:08:12::SCWPlatform::Found the Hw Db part of the input DSA
TRACE::2023-11-07.18:08:12::SCWMssOS::Checking the sw design at  C:/Users/18472/385_xilinx_files/SoC_MicroBlaze/workspacefinal/mb_intro_top/microblaze_0/standalone_microblaze_0/bsp/system.mss
TRACE::2023-11-07.18:08:12::SCWMssOS::DEBUG:  swdes dump  C:/Users/18472/385_xilinx_files/SoC_MicroBlaze/workspacefinal/mb_intro_top/microblaze_0/standalone_microblaze_0/bsp/system.mss|system||

TRACE::2023-11-07.18:08:12::SCWMssOS::Sw design exists and opened at  C:/Users/18472/385_xilinx_files/SoC_MicroBlaze/workspacefinal/mb_intro_top/microblaze_0/standalone_microblaze_0/bsp/system.mss
TRACE::2023-11-07.18:08:12::SCWMssOS::Completed writing the mss file at C:/Users/18472/385_xilinx_files/SoC_MicroBlaze/workspacefinal/mb_intro_top/microblaze_0/standalone_microblaze_0/bsp
TRACE::2023-11-07.18:08:12::SCWMssOS::Mss edits present, copying mssfile into export location C:/Users/18472/385_xilinx_files/SoC_MicroBlaze/workspacefinal/mb_intro_top/microblaze_0/standalone_microblaze_0/bsp/system.mss
TRACE::2023-11-07.18:08:12::SCWMssOS::bsp generated is upto date with the mss file. Skipping bsp generation.
TRACE::2023-11-07.18:08:12::SCWMssOS::BSP is already built. skipping the bsp build ... 
TRACE::2023-11-07.18:08:12::SCWDomain::Building the domain as part of full build :  standalone_microblaze_0
TRACE::2023-11-07.18:08:12::SCWMssOS::doing bsp build ... 
TRACE::2023-11-07.18:08:12::SCWMssOS::System Command Ran  C: & cd  C:/Users/18472/385_xilinx_files/SoC_MicroBlaze/workspacefinal/mb_intro_top/microblaze_0/standalone_microblaze_0/bsp & make 
TRACE::2023-11-07.18:08:12::SCWMssOS::make --no-print-directory seq_libs

TRACE::2023-11-07.18:08:12::SCWMssOS::'Finished building libraries sequentially.'

TRACE::2023-11-07.18:08:12::SCWMssOS::make -j 6 --no-print-directory par_libs

TRACE::2023-11-07.18:08:13::SCWMssOS::"Running Make include in microblaze_0/libsrc/bram_v4_8/src"

TRACE::2023-11-07.18:08:13::SCWMssOS::make -C microblaze_0/libsrc/bram_v4_8/src -s include  "SHELL=CMD" "COMPILER=mb-gcc" "ASSEMBLER=mb-as" "ARCHIVER=mb-ar" "COMPILE
TRACE::2023-11-07.18:08:13::SCWMssOS::R_FLAGS=  -O2 -c -mcpu=v11.0 -mlittle-endian -mno-xl-reorder -mno-xl-soft-mul -mxl-barrel-shift -mxl-pattern-compare" "EXTRA_CO
TRACE::2023-11-07.18:08:13::SCWMssOS::MPILER_FLAGS=-g -ffunction-sections -fdata-sections -Wall -Wextra -fno-tree-loop-distribute-patterns"

TRACE::2023-11-07.18:08:13::SCWMssOS::"Running Make include in microblaze_0/libsrc/cpu_v2_16/src"

TRACE::2023-11-07.18:08:13::SCWMssOS::make -C microblaze_0/libsrc/cpu_v2_16/src -s include  "SHELL=CMD" "COMPILER=mb-gcc" "ASSEMBLER=mb-as" "ARCHIVER=mb-ar" "COMPILE
TRACE::2023-11-07.18:08:13::SCWMssOS::R_FLAGS=  -O2 -c -mcpu=v11.0 -mlittle-endian -mno-xl-reorder -mno-xl-soft-mul -mxl-barrel-shift -mxl-pattern-compare" "EXTRA_CO
TRACE::2023-11-07.18:08:13::SCWMssOS::MPILER_FLAGS=-g -ffunction-sections -fdata-sections -Wall -Wextra -fno-tree-loop-distribute-patterns"

TRACE::2023-11-07.18:08:13::SCWMssOS::"Running Make include in microblaze_0/libsrc/gpio_v4_9/src"

TRACE::2023-11-07.18:08:13::SCWMssOS::make -C microblaze_0/libsrc/gpio_v4_9/src -s include  "SHELL=CMD" "COMPILER=mb-gcc" "ASSEMBLER=mb-as" "ARCHIVER=mb-ar" "COMPILE
TRACE::2023-11-07.18:08:13::SCWMssOS::R_FLAGS=  -O2 -c -mcpu=v11.0 -mlittle-endian -mno-xl-reorder -mno-xl-soft-mul -mxl-barrel-shift -mxl-pattern-compare" "EXTRA_CO
TRACE::2023-11-07.18:08:13::SCWMssOS::MPILER_FLAGS=-g -ffunction-sections -fdata-sections -Wall -Wextra -fno-tree-loop-distribute-patterns"

TRACE::2023-11-07.18:08:13::SCWMssOS::"Running Make include in microblaze_0/libsrc/intc_v3_15/src"

TRACE::2023-11-07.18:08:13::SCWMssOS::make -C microblaze_0/libsrc/intc_v3_15/src -s include  "SHELL=CMD" "COMPILER=mb-gcc" "ASSEMBLER=mb-as" "ARCHIVER=mb-ar" "COMPIL
TRACE::2023-11-07.18:08:13::SCWMssOS::ER_FLAGS=  -O2 -c -mcpu=v11.0 -mlittle-endian -mno-xl-reorder -mno-xl-soft-mul -mxl-barrel-shift -mxl-pattern-compare" "EXTRA_C
TRACE::2023-11-07.18:08:13::SCWMssOS::OMPILER_FLAGS=-g -ffunction-sections -fdata-sections -Wall -Wextra -fno-tree-loop-distribute-patterns"

TRACE::2023-11-07.18:08:13::SCWMssOS::"Running Make include in microblaze_0/libsrc/standalone_v8_0/src"

TRACE::2023-11-07.18:08:13::SCWMssOS::make -C microblaze_0/libsrc/standalone_v8_0/src -s include  "SHELL=CMD" "COMPILER=mb-gcc" "ASSEMBLER=mb-as" "ARCHIVER=mb-ar" "C
TRACE::2023-11-07.18:08:13::SCWMssOS::OMPILER_FLAGS=  -O2 -c -mcpu=v11.0 -mlittle-endian -mno-xl-reorder -mno-xl-soft-mul -mxl-barrel-shift -mxl-pattern-compare" "EX
TRACE::2023-11-07.18:08:13::SCWMssOS::TRA_COMPILER_FLAGS=-g -ffunction-sections -fdata-sections -Wall -Wextra -fno-tree-loop-distribute-patterns"

TRACE::2023-11-07.18:08:13::SCWMssOS::"Running Make include in microblaze_0/libsrc/uartlite_v3_7/src"

TRACE::2023-11-07.18:08:13::SCWMssOS::make -C microblaze_0/libsrc/uartlite_v3_7/src -s include  "SHELL=CMD" "COMPILER=mb-gcc" "ASSEMBLER=mb-as" "ARCHIVER=mb-ar" "COM
TRACE::2023-11-07.18:08:13::SCWMssOS::PILER_FLAGS=  -O2 -c -mcpu=v11.0 -mlittle-endian -mno-xl-reorder -mno-xl-soft-mul -mxl-barrel-shift -mxl-pattern-compare" "EXTR
TRACE::2023-11-07.18:08:13::SCWMssOS::A_COMPILER_FLAGS=-g -ffunction-sections -fdata-sections -Wall -Wextra -fno-tree-loop-distribute-patterns"

TRACE::2023-11-07.18:08:13::SCWMssOS::"Running Make libs in microblaze_0/libsrc/bram_v4_8/src"

TRACE::2023-11-07.18:08:13::SCWMssOS::make -C microblaze_0/libsrc/bram_v4_8/src -s libs  "SHELL=CMD" "COMPILER=mb-gcc" "ASSEMBLER=mb-as" "ARCHIVER=mb-ar" "COMPILER_F
TRACE::2023-11-07.18:08:13::SCWMssOS::LAGS=  -O2 -c -mcpu=v11.0 -mlittle-endian -mno-xl-reorder -mno-xl-soft-mul -mxl-barrel-shift -mxl-pattern-compare" "EXTRA_COMPI
TRACE::2023-11-07.18:08:13::SCWMssOS::LER_FLAGS=-g -ffunction-sections -fdata-sections -Wall -Wextra -fno-tree-loop-distribute-patterns"

TRACE::2023-11-07.18:08:13::SCWMssOS::"Running Make libs in microblaze_0/libsrc/cpu_v2_16/src"

TRACE::2023-11-07.18:08:13::SCWMssOS::make -C microblaze_0/libsrc/cpu_v2_16/src -s libs  "SHELL=CMD" "COMPILER=mb-gcc" "ASSEMBLER=mb-as" "ARCHIVER=mb-ar" "COMPILER_F
TRACE::2023-11-07.18:08:13::SCWMssOS::LAGS=  -O2 -c -mcpu=v11.0 -mlittle-endian -mno-xl-reorder -mno-xl-soft-mul -mxl-barrel-shift -mxl-pattern-compare" "EXTRA_COMPI
TRACE::2023-11-07.18:08:13::SCWMssOS::LER_FLAGS=-g -ffunction-sections -fdata-sections -Wall -Wextra -fno-tree-loop-distribute-patterns"

TRACE::2023-11-07.18:08:13::SCWMssOS::"Running Make libs in microblaze_0/libsrc/gpio_v4_9/src"

TRACE::2023-11-07.18:08:13::SCWMssOS::make -C microblaze_0/libsrc/gpio_v4_9/src -s libs  "SHELL=CMD" "COMPILER=mb-gcc" "ASSEMBLER=mb-as" "ARCHIVER=mb-ar" "COMPILER_F
TRACE::2023-11-07.18:08:13::SCWMssOS::LAGS=  -O2 -c -mcpu=v11.0 -mlittle-endian -mno-xl-reorder -mno-xl-soft-mul -mxl-barrel-shift -mxl-pattern-compare" "EXTRA_COMPI
TRACE::2023-11-07.18:08:13::SCWMssOS::LER_FLAGS=-g -ffunction-sections -fdata-sections -Wall -Wextra -fno-tree-loop-distribute-patterns"

TRACE::2023-11-07.18:08:13::SCWMssOS::"Running Make libs in microblaze_0/libsrc/intc_v3_15/src"

TRACE::2023-11-07.18:08:13::SCWMssOS::make -C microblaze_0/libsrc/intc_v3_15/src -s libs  "SHELL=CMD" "COMPILER=mb-gcc" "ASSEMBLER=mb-as" "ARCHIVER=mb-ar" "COMPILER_
TRACE::2023-11-07.18:08:13::SCWMssOS::FLAGS=  -O2 -c -mcpu=v11.0 -mlittle-endian -mno-xl-reorder -mno-xl-soft-mul -mxl-barrel-shift -mxl-pattern-compare" "EXTRA_COMP
TRACE::2023-11-07.18:08:13::SCWMssOS::ILER_FLAGS=-g -ffunction-sections -fdata-sections -Wall -Wextra -fno-tree-loop-distribute-patterns"

TRACE::2023-11-07.18:08:14::SCWMssOS::"Running Make libs in microblaze_0/libsrc/standalone_v8_0/src"

TRACE::2023-11-07.18:08:14::SCWMssOS::make -C microblaze_0/libsrc/standalone_v8_0/src -s libs  "SHELL=CMD" "COMPILER=mb-gcc" "ASSEMBLER=mb-as" "ARCHIVER=mb-ar" "COMP
TRACE::2023-11-07.18:08:14::SCWMssOS::ILER_FLAGS=  -O2 -c -mcpu=v11.0 -mlittle-endian -mno-xl-reorder -mno-xl-soft-mul -mxl-barrel-shift -mxl-pattern-compare" "EXTRA
TRACE::2023-11-07.18:08:14::SCWMssOS::_COMPILER_FLAGS=-g -ffunction-sections -fdata-sections -Wall -Wextra -fno-tree-loop-distribute-patterns"

TRACE::2023-11-07.18:08:14::SCWMssOS::"Running Make libs in microblaze_0/libsrc/uartlite_v3_7/src"

TRACE::2023-11-07.18:08:14::SCWMssOS::make -C microblaze_0/libsrc/uartlite_v3_7/src -s libs  "SHELL=CMD" "COMPILER=mb-gcc" "ASSEMBLER=mb-as" "ARCHIVER=mb-ar" "COMPIL
TRACE::2023-11-07.18:08:14::SCWMssOS::ER_FLAGS=  -O2 -c -mcpu=v11.0 -mlittle-endian -mno-xl-reorder -mno-xl-soft-mul -mxl-barrel-shift -mxl-pattern-compare" "EXTRA_C
TRACE::2023-11-07.18:08:14::SCWMssOS::OMPILER_FLAGS=-g -ffunction-sections -fdata-sections -Wall -Wextra -fno-tree-loop-distribute-patterns"

TRACE::2023-11-07.18:08:16::SCWMssOS::"DEBUG NON_LTO_OBJECTS is ../../../lib/microblaze_interrupt_handler.o"

TRACE::2023-11-07.18:08:16::SCWMssOS::'Finished building libraries parallelly.'

TRACE::2023-11-07.18:08:16::SCWMssOS::make --no-print-directory archive

TRACE::2023-11-07.18:08:16::SCWMssOS::mb-ar -r  microblaze_0/lib/libxil.a microblaze_0/lib/_exit.o microblaze_0/lib/errno.o microblaze_0/lib/fcntl.o microblaze_0/lib
TRACE::2023-11-07.18:08:16::SCWMssOS::/hw_exception_handler.o microblaze_0/lib/inbyte.o microblaze_0/lib/microblaze_disable_dcache.o microblaze_0/lib/microblaze_disa
TRACE::2023-11-07.18:08:16::SCWMssOS::ble_exceptions.o microblaze_0/lib/microblaze_disable_icache.o microblaze_0/lib/microblaze_disable_interrupts.o microblaze_0/lib
TRACE::2023-11-07.18:08:16::SCWMssOS::/microblaze_enable_dcache.o microblaze_0/lib/microblaze_enable_exceptions.o microblaze_0/lib/microblaze_enable_icache.o microbl
TRACE::2023-11-07.18:08:16::SCWMssOS::aze_0/lib/microblaze_enable_interrupts.o microblaze_0/lib/microblaze_exception_handler.o microblaze_0/lib/microblaze_flush_cach
TRACE::2023-11-07.18:08:16::SCWMssOS::e_ext.o microblaze_0/lib/microblaze_flush_cache_ext_range.o microblaze_0/lib/microblaze_flush_dcache.o microblaze_0/lib/microbl
TRACE::2023-11-07.18:08:16::SCWMssOS::aze_flush_dcache_range.o microblaze_0/lib/microblaze_init_dcache_range.o microblaze_0/lib/microblaze_init_icache_range.o microb
TRACE::2023-11-07.18:08:16::SCWMssOS::laze_0/lib/microblaze_interrupt_handler.o microblaze_0/lib/microblaze_interrupts_g.o microblaze_0/lib/microblaze_invalidate_cac
TRACE::2023-11-07.18:08:16::SCWMssOS::he_ext.o microblaze_0/lib/microblaze_invalidate_cache_ext_range.o microblaze_0/lib/microblaze_invalidate_dcache.o microblaze_0/
TRACE::2023-11-07.18:08:16::SCWMssOS::lib/microblaze_invalidate_dcache_range.o microblaze_0/lib/microblaze_invalidate_icache.o microblaze_0/lib/microblaze_invalidate
TRACE::2023-11-07.18:08:16::SCWMssOS::_icache_range.o microblaze_0/lib/microblaze_scrub.o microblaze_0/lib/microblaze_selftest.o microblaze_0/lib/microblaze_sleep.o 
TRACE::2023-11-07.18:08:16::SCWMssOS::microblaze_0/lib/microblaze_update_dcache.o microblaze_0/lib/microblaze_update_icache.o microblaze_0/lib/outbyte.o microblaze_0
TRACE::2023-11-07.18:08:16::SCWMssOS::/lib/print.o microblaze_0/lib/pvr.o microblaze_0/lib/xbram.o microblaze_0/lib/xbram_g.o microblaze_0/lib/xbram_intr.o microblaz
TRACE::2023-11-07.18:08:16::SCWMssOS::e_0/lib/xbram_selftest.o microblaze_0/lib/xbram_sinit.o microblaze_0/lib/xgpio.o microblaze_0/lib/xgpio_extra.o microblaze_0/li
TRACE::2023-11-07.18:08:16::SCWMssOS::b/xgpio_g.o microblaze_0/lib/xgpio_intr.o microblaze_0/lib/xgpio_selftest.o microblaze_0/lib/xgpio_sinit.o microblaze_0/lib/xil
TRACE::2023-11-07.18:08:16::SCWMssOS::_assert.o microblaze_0/lib/xil_cache.o microblaze_0/lib/xil_clocking.o microblaze_0/lib/xil_exception.o microblaze_0/lib/xil_me
TRACE::2023-11-07.18:08:16::SCWMssOS::m.o microblaze_0/lib/xil_misc_psreset_api.o microblaze_0/lib/xil_printf.o microblaze_0/lib/xil_sleepcommon.o microblaze_0/lib/x
TRACE::2023-11-07.18:08:16::SCWMssOS::il_testcache.o microblaze_0/lib/xil_testio.o microblaze_0/lib/xil_testmem.o microblaze_0/lib/xil_util.o microblaze_0/lib/xintc.
TRACE::2023-11-07.18:08:16::SCWMssOS::o microblaze_0/lib/xintc_g.o microblaze_0/lib/xintc_intr.o microblaze_0/lib/xintc_l.o microblaze_0/lib/xintc_options.o microbla
TRACE::2023-11-07.18:08:16::SCWMssOS::ze_0/lib/xintc_selftest.o microblaze_0/lib/xinterrupt_wrap.o microblaze_0/lib/xio.o microblaze_0/lib/xplatform_info.o microblaz
TRACE::2023-11-07.18:08:16::SCWMssOS::e_0/lib/xuartlite.o microblaze_0/lib/xuartlite_g.o microblaze_0/lib/xuartlite_intr.o microblaze_0/lib/xuartlite_l.o microblaze_
TRACE::2023-11-07.18:08:16::SCWMssOS::0/lib/xuartlite_selftest.o microblaze_0/lib/xuartlite_sinit.o microblaze_0/lib/xuartlite_stats.o

TRACE::2023-11-07.18:08:16::SCWMssOS::'Finished building libraries'

TRACE::2023-11-07.18:08:16::SCWMssOS::Copying to export directory.
TRACE::2023-11-07.18:08:16::SCWMssOS:: Checking if to create the Supporting Applications
TRACE::2023-11-07.18:08:16::SCWMssOS:: No Linux domain exists, trying to generate FSBL 
LOG::2023-11-07.18:08:16::SCWSystem::Completed Processing the domain standalone_microblaze_0
LOG::2023-11-07.18:08:16::SCWSystem::Completed Processing the sysconfig mb_intro_top
LOG::2023-11-07.18:08:16::SCWPlatform::Completed generating the artifacts for system configuration mb_intro_top
TRACE::2023-11-07.18:08:16::SCWPlatform::Started preparing the platform 
TRACE::2023-11-07.18:08:16::SCWSystem::Writing the bif file for system config mb_intro_top
TRACE::2023-11-07.18:08:16::SCWSystem::dir created 
TRACE::2023-11-07.18:08:16::SCWSystem::Writing the bif 
TRACE::2023-11-07.18:08:16::SCWPlatform::Started writing the spfm file 
TRACE::2023-11-07.18:08:16::SCWPlatform::Started writing the xpfm file 
TRACE::2023-11-07.18:08:16::SCWPlatform::Completed generating the platform
TRACE::2023-11-07.18:08:16::SCWMssOS::Saving the mss changes C:/Users/18472/385_xilinx_files/SoC_MicroBlaze/workspacefinal/mb_intro_top/microblaze_0/standalone_microblaze_0/bsp/system.mss
TRACE::2023-11-07.18:08:16::SCWMssOS::Found a swdesign opened with the mssfile.
TRACE::2023-11-07.18:08:16::SCWMssOS::Completed writemss as part of save.
TRACE::2023-11-07.18:08:16::SCWMssOS::Commit changes completed.
TRACE::2023-11-07.18:08:16::SCWPlatform::Trying to open the hw design at C:/Users/18472/385_xilinx_files/SoC_MicroBlaze/workspacefinal/mb_intro_top/hw/mb_intro_top.xsa
TRACE::2023-11-07.18:08:16::SCWPlatform::DSA given C:/Users/18472/385_xilinx_files/SoC_MicroBlaze/workspacefinal/mb_intro_top/hw/mb_intro_top.xsa
TRACE::2023-11-07.18:08:16::SCWPlatform::DSA absoulate path C:/Users/18472/385_xilinx_files/SoC_MicroBlaze/workspacefinal/mb_intro_top/hw/mb_intro_top.xsa
TRACE::2023-11-07.18:08:16::SCWPlatform::DSA directory C:/Users/18472/385_xilinx_files/SoC_MicroBlaze/workspacefinal/mb_intro_top/hw
TRACE::2023-11-07.18:08:16::SCWPlatform:: Platform Path C:/Users/18472/385_xilinx_files/SoC_MicroBlaze/workspacefinal/mb_intro_top/hw/mb_intro_top.xsa
TRACE::2023-11-07.18:08:16::SCWPlatform:: Unique name xilinx:::0.0
TRACE::2023-11-07.18:08:16::SCWPlatform::Trying to set the existing hwdb with name mb_intro_top_0
TRACE::2023-11-07.18:08:16::SCWPlatform::Opened existing hwdb mb_intro_top_0
TRACE::2023-11-07.18:08:16::SCWPlatform::Found the Hw Db part of the input DSA
TRACE::2023-11-07.18:08:16::SCWMssOS::Checking the sw design at  C:/Users/18472/385_xilinx_files/SoC_MicroBlaze/workspacefinal/mb_intro_top/microblaze_0/standalone_microblaze_0/bsp/system.mss
TRACE::2023-11-07.18:08:16::SCWMssOS::DEBUG:  swdes dump  C:/Users/18472/385_xilinx_files/SoC_MicroBlaze/workspacefinal/mb_intro_top/microblaze_0/standalone_microblaze_0/bsp/system.mss|system||

TRACE::2023-11-07.18:08:16::SCWMssOS::Sw design exists and opened at  C:/Users/18472/385_xilinx_files/SoC_MicroBlaze/workspacefinal/mb_intro_top/microblaze_0/standalone_microblaze_0/bsp/system.mss
TRACE::2023-11-07.18:08:16::SCWPlatform::Trying to open the hw design at C:/Users/18472/385_xilinx_files/SoC_MicroBlaze/workspacefinal/mb_intro_top/hw/mb_intro_top.xsa
TRACE::2023-11-07.18:08:16::SCWPlatform::DSA given C:/Users/18472/385_xilinx_files/SoC_MicroBlaze/workspacefinal/mb_intro_top/hw/mb_intro_top.xsa
TRACE::2023-11-07.18:08:16::SCWPlatform::DSA absoulate path C:/Users/18472/385_xilinx_files/SoC_MicroBlaze/workspacefinal/mb_intro_top/hw/mb_intro_top.xsa
TRACE::2023-11-07.18:08:16::SCWPlatform::DSA directory C:/Users/18472/385_xilinx_files/SoC_MicroBlaze/workspacefinal/mb_intro_top/hw
TRACE::2023-11-07.18:08:16::SCWPlatform:: Platform Path C:/Users/18472/385_xilinx_files/SoC_MicroBlaze/workspacefinal/mb_intro_top/hw/mb_intro_top.xsa
TRACE::2023-11-07.18:08:16::SCWPlatform:: Unique name xilinx:::0.0
TRACE::2023-11-07.18:08:16::SCWPlatform::Trying to set the existing hwdb with name mb_intro_top_0
TRACE::2023-11-07.18:08:16::SCWPlatform::Opened existing hwdb mb_intro_top_0
TRACE::2023-11-07.18:08:16::SCWPlatform::Found the Hw Db part of the input DSA
TRACE::2023-11-07.18:08:16::SCWMssOS::Checking the sw design at  C:/Users/18472/385_xilinx_files/SoC_MicroBlaze/workspacefinal/mb_intro_top/microblaze_0/standalone_microblaze_0/bsp/system.mss
TRACE::2023-11-07.18:08:16::SCWMssOS::DEBUG:  swdes dump  C:/Users/18472/385_xilinx_files/SoC_MicroBlaze/workspacefinal/mb_intro_top/microblaze_0/standalone_microblaze_0/bsp/system.mss|system||

TRACE::2023-11-07.18:08:16::SCWMssOS::Sw design exists and opened at  C:/Users/18472/385_xilinx_files/SoC_MicroBlaze/workspacefinal/mb_intro_top/microblaze_0/standalone_microblaze_0/bsp/system.mss
TRACE::2023-11-07.18:08:16::SCWPlatform::Trying to open the hw design at C:/Users/18472/385_xilinx_files/SoC_MicroBlaze/workspacefinal/mb_intro_top/hw/mb_intro_top.xsa
TRACE::2023-11-07.18:08:16::SCWPlatform::DSA given C:/Users/18472/385_xilinx_files/SoC_MicroBlaze/workspacefinal/mb_intro_top/hw/mb_intro_top.xsa
TRACE::2023-11-07.18:08:16::SCWPlatform::DSA absoulate path C:/Users/18472/385_xilinx_files/SoC_MicroBlaze/workspacefinal/mb_intro_top/hw/mb_intro_top.xsa
TRACE::2023-11-07.18:08:16::SCWPlatform::DSA directory C:/Users/18472/385_xilinx_files/SoC_MicroBlaze/workspacefinal/mb_intro_top/hw
TRACE::2023-11-07.18:08:16::SCWPlatform:: Platform Path C:/Users/18472/385_xilinx_files/SoC_MicroBlaze/workspacefinal/mb_intro_top/hw/mb_intro_top.xsa
TRACE::2023-11-07.18:08:16::SCWPlatform:: Unique name xilinx:::0.0
TRACE::2023-11-07.18:08:16::SCWPlatform::Trying to set the existing hwdb with name mb_intro_top_0
TRACE::2023-11-07.18:08:16::SCWPlatform::Opened existing hwdb mb_intro_top_0
TRACE::2023-11-07.18:08:16::SCWPlatform::Found the Hw Db part of the input DSA
TRACE::2023-11-07.18:08:16::SCWMssOS::Checking the sw design at  C:/Users/18472/385_xilinx_files/SoC_MicroBlaze/workspacefinal/mb_intro_top/microblaze_0/standalone_microblaze_0/bsp/system.mss
TRACE::2023-11-07.18:08:16::SCWMssOS::DEBUG:  swdes dump  C:/Users/18472/385_xilinx_files/SoC_MicroBlaze/workspacefinal/mb_intro_top/microblaze_0/standalone_microblaze_0/bsp/system.mss|system||

TRACE::2023-11-07.18:08:16::SCWMssOS::Sw design exists and opened at  C:/Users/18472/385_xilinx_files/SoC_MicroBlaze/workspacefinal/mb_intro_top/microblaze_0/standalone_microblaze_0/bsp/system.mss
TRACE::2023-11-07.18:08:16::SCWWriter::formatted JSON is {
	"platformName":	"mb_intro_top",
	"sprVersion":	"2.0",
	"mode":	"gui",
	"dsaType":	"Fixed",
	"platformDesc":	"mb_intro_top",
	"platHandOff":	"C:/Users/18472/385_xilinx_files/SoC_MicroBlaze/mb_intro_top.xsa",
	"platIntHandOff":	"<platformDir>/hw/mb_intro_top.xsa",
	"deviceType":	"FPGA",
	"platIsPrebuiltAutogen":	"false",
	"platIsNoBootBsp":	"false",
	"hasFsblMakeHasChanges":	"false",
	"hasPmufwMakeHasChanges":	"false",
	"platPreBuiltFlag":	false,
	"platformSamplesDir":	"",
	"platActiveSys":	"mb_intro_top",
	"systems":	[{
			"systemName":	"mb_intro_top",
			"systemDesc":	"mb_intro_top",
			"sysIsBootAutoGen":	"true",
			"systemDispName":	"mb_intro_top",
			"sysActiveDom":	"standalone_microblaze_0",
			"sysDefaultDom":	"standalone_microblaze_0",
			"domains":	[{
					"domainName":	"standalone_microblaze_0",
					"domainDispName":	"standalone_microblaze_0",
					"domainDesc":	"standalone_microblaze_0",
					"processors":	"microblaze_0",
					"os":	"standalone",
					"sdxOs":	"standalone",
					"debugEnable":	"False",
					"domRuntimes":	["cpp"],
					"swRepo":	"",
					"mssOsVer":	"8.0",
					"mssFile":	"",
					"md5Digest":	"c1850e17529c9e31e281c5dbe0d47e56",
					"compatibleApp":	"empty_application",
					"domType":	"mssDomain",
					"arch":	"32-bit",
					"appSettings":	{
						"appCompilerFlags":	"",
						"appLinkerFlags":	""
					},
					"addedLibs":	[],
					"libOptions":	{
						"libsContainingOptions":	[]
					},
					"prebuiltLibs":	{
						"prebuiltIncPath":	[],
						"prebuiltLibPath":	[]
					},
					"isolation":	{
					}
				}]
		}]
}
KEYINFO::2023-11-07.18:08:16::SCWPlatform::updated the xpfm file.
TRACE::2023-11-07.18:08:16::SCWPlatform::Trying to open the hw design at C:/Users/18472/385_xilinx_files/SoC_MicroBlaze/workspacefinal/mb_intro_top/hw/mb_intro_top.xsa
TRACE::2023-11-07.18:08:16::SCWPlatform::DSA given C:/Users/18472/385_xilinx_files/SoC_MicroBlaze/workspacefinal/mb_intro_top/hw/mb_intro_top.xsa
TRACE::2023-11-07.18:08:16::SCWPlatform::DSA absoulate path C:/Users/18472/385_xilinx_files/SoC_MicroBlaze/workspacefinal/mb_intro_top/hw/mb_intro_top.xsa
TRACE::2023-11-07.18:08:16::SCWPlatform::DSA directory C:/Users/18472/385_xilinx_files/SoC_MicroBlaze/workspacefinal/mb_intro_top/hw
TRACE::2023-11-07.18:08:16::SCWPlatform:: Platform Path C:/Users/18472/385_xilinx_files/SoC_MicroBlaze/workspacefinal/mb_intro_top/hw/mb_intro_top.xsa
TRACE::2023-11-07.18:08:16::SCWPlatform:: Unique name xilinx:::0.0
TRACE::2023-11-07.18:08:16::SCWPlatform::Trying to set the existing hwdb with name mb_intro_top_0
TRACE::2023-11-07.18:08:16::SCWPlatform::Opened existing hwdb mb_intro_top_0
TRACE::2023-11-07.18:08:16::SCWPlatform::Found the Hw Db part of the input DSA
TRACE::2023-11-07.18:08:16::SCWMssOS::Checking the sw design at  C:/Users/18472/385_xilinx_files/SoC_MicroBlaze/workspacefinal/mb_intro_top/microblaze_0/standalone_microblaze_0/bsp/system.mss
TRACE::2023-11-07.18:08:16::SCWMssOS::DEBUG:  swdes dump  C:/Users/18472/385_xilinx_files/SoC_MicroBlaze/workspacefinal/mb_intro_top/microblaze_0/standalone_microblaze_0/bsp/system.mss|system||

TRACE::2023-11-07.18:08:16::SCWMssOS::Sw design exists and opened at  C:/Users/18472/385_xilinx_files/SoC_MicroBlaze/workspacefinal/mb_intro_top/microblaze_0/standalone_microblaze_0/bsp/system.mss
